<?xml version="1.0" encoding="UTF-8" ?>
<testsuite errors="0" failures="0" hostname="Adam-PC" name="org.processmining.qut.exogenousaware.stochastic.discovery.SLPNEDDiscoveryTest" skipped="0" tests="1" time="0.796" timestamp="2024-08-05T13:03:07">
  <properties>
    <property name="sun.desktop" value="windows" />
    <property name="ant.library.dir" value="F:\tools\apache-ant-1.10.14-bin\apache-ant-1.10.14\lib" />
    <property name="awt.toolkit" value="sun.awt.windows.WToolkit" />
    <property name="ant.file.type" value="file" />
    <property name="java.specification.version" value="11" />
    <property name="ant.project.name" value="ExogenousData.test" />
    <property name="sun.cpu.isalist" value="amd64" />
    <property name="bin" value="F:\Projects\prom-exogenous-data\ExogenousData\bindist" />
    <property name="sun.jnu.encoding" value="Cp1252" />
    <property name="java.class.path" value="F:\Projects\prom-exogenous-data\ExogenousData\tests\bin-test-instrument;F:\Projects\prom-exogenous-data\ExogenousData\tests\libs-external\cobertura-2.1.1.jar;F:\Projects\prom-exogenous-data\ExogenousData\tests\libs-external\lib-cobertura-2.1.1\asm-5.0.1.jar;F:\Projects\prom-exogenous-data\ExogenousData\tests\libs-external\lib-cobertura-2.1.1\asm-analysis-5.0.1.jar;F:\Projects\prom-exogenous-data\ExogenousData\tests\libs-external\lib-cobertura-2.1.1\asm-commons-5.0.1.jar;F:\Projects\prom-exogenous-data\ExogenousData\tests\libs-external\lib-cobertura-2.1.1\asm-tree-5.0.1.jar;F:\Projects\prom-exogenous-data\ExogenousData\tests\libs-external\lib-cobertura-2.1.1\asm-util-5.0.1.jar;F:\Projects\prom-exogenous-data\ExogenousData\tests\libs-external\lib-cobertura-2.1.1\commons-lang3-3.3.2.jar;F:\Projects\prom-exogenous-data\ExogenousData\tests\libs-external\lib-cobertura-2.1.1\hamcrest-core-1.3.jar;F:\Projects\prom-exogenous-data\ExogenousData\tests\libs-external\lib-cobertura-2.1.1\jaxen-1.1.4.jar;F:\Projects\prom-exogenous-data\ExogenousData\tests\libs-external\lib-cobertura-2.1.1\jetty-6.1.14.jar;F:\Projects\prom-exogenous-data\ExogenousData\tests\libs-external\lib-cobertura-2.1.1\jetty-util-6.1.14.jar;F:\Projects\prom-exogenous-data\ExogenousData\tests\libs-external\lib-cobertura-2.1.1\junit-4.11.jar;F:\Projects\prom-exogenous-data\ExogenousData\tests\libs-external\lib-cobertura-2.1.1\logback-classic-1.0.13.jar;F:\Projects\prom-exogenous-data\ExogenousData\tests\libs-external\lib-cobertura-2.1.1\logback-core-1.0.13.jar;F:\Projects\prom-exogenous-data\ExogenousData\tests\libs-external\lib-cobertura-2.1.1\oro-2.0.8.jar;F:\Projects\prom-exogenous-data\ExogenousData\tests\libs-external\lib-cobertura-2.1.1\servlet-api-2.5-6.1.14.jar;F:\Projects\prom-exogenous-data\ExogenousData\tests\libs-external\lib-cobertura-2.1.1\slf4j-api-1.7.5.jar;F:\Projects\prom-exogenous-data\ExogenousData\tests\libs-external\junit-4.8.1.jar;F:\Projects\prom-exogenous-data\ExogenousData\bindist;F:\Projects\prom-exogenous-data\ExogenousData\ivy\AcceptingPetriNet-latest.jar;F:\Projects\prom-exogenous-data\ExogenousData\ivy\AccessCPN-unknown.jar;F:\Projects\prom-exogenous-data\ExogenousData\ivy\Alignment-latest.jar;F:\Projects\prom-exogenous-data\ExogenousData\ivy\Animation-latest.jar;F:\Projects\prom-exogenous-data\ExogenousData\ivy\ApacheUtils-latest.jar;F:\Projects\prom-exogenous-data\ExogenousData\ivy\BPMN-latest.jar;F:\Projects\prom-exogenous-data\ExogenousData\ivy\BasicStochasticMiner-latest.jar;F:\Projects\prom-exogenous-data\ExogenousData\ivy\BasicUtils-latest.jar;F:\Projects\prom-exogenous-data\ExogenousData\ivy\CNet-latest.jar;F:\Projects\prom-exogenous-data\ExogenousData\ivy\CNetReplayer-latest.jar;F:\Projects\prom-exogenous-data\ExogenousData\ivy\CPNet-latest.jar;F:\Projects\prom-exogenous-data\ExogenousData\ivy\CohortAnalysis-latest.jar;F:\Projects\prom-exogenous-data\ExogenousData\ivy\DataAwareExplorer-latest.jar;F:\Projects\prom-exogenous-data\ExogenousData\ivy\DataAwareReplayer-latest.jar;F:\Projects\prom-exogenous-data\ExogenousData\ivy\DataAwareReplayerLGPL-latest.jar;F:\Projects\prom-exogenous-data\ExogenousData\ivy\DataDiscovery-latest.jar;F:\Projects\prom-exogenous-data\ExogenousData\ivy\DataExpression-latest.jar;F:\Projects\prom-exogenous-data\ExogenousData\ivy\DataPetriNets-latest.jar;F:\Projects\prom-exogenous-data\ExogenousData\ivy\DataPetriNetsLGPL-latest.jar;F:\Projects\prom-exogenous-data\ExogenousData\ivy\DirectlyFollowsModelMiner-latest.jar;F:\Projects\prom-exogenous-data\ExogenousData\ivy\EMF-latest.jar;F:\Projects\prom-exogenous-data\ExogenousData\ivy\EPC-latest.jar;F:\Projects\prom-exogenous-data\ExogenousData\ivy\EarthMoversStochasticConformanceChecking-latest.jar;F:\Projects\prom-exogenous-data\ExogenousData\ivy\EfficientStorage-latest.jar;F:\Projects\prom-exogenous-data\ExogenousData\ivy\EvolutionaryTreeMiner-latest.jar;F:\Projects\prom-exogenous-data\ExogenousData\ivy\FastDTW-unknown.jar;F:\Projects\prom-exogenous-data\ExogenousData\ivy\FilterableSortableTablePanel-latest.jar;F:\Projects\prom-exogenous-data\ExogenousData\ivy\GraphViz-latest.jar;F:\Projects\prom-exogenous-data\ExogenousData\ivy\GuideTreeMiner-latest.jar;F:\Projects\prom-exogenous-data\ExogenousData\ivy\ILPMiner-latest.jar;F:\Projects\prom-exogenous-data\ExogenousData\ivy\InductiveMiner-latest.jar;F:\Projects\prom-exogenous-data\ExogenousData\ivy\InductiveMinerDeprecated-latest.jar;F:\Projects\prom-exogenous-data\ExogenousData\ivy\InductiveVisualMiner-latest.jar;F:\Projects\prom-exogenous-data\ExogenousData\ivy\InteractiveVisualization-latest.jar;F:\Projects\prom-exogenous-data\ExogenousData\ivy\IntervalTree-unknown.jar;F:\Projects\prom-exogenous-data\ExogenousData\ivy\JAXB-latest.jar;F:\Projects\prom-exogenous-data\ExogenousData\ivy\JRI-unknown.jar;F:\Projects\prom-exogenous-data\ExogenousData\ivy\JRIEngine-unknown.jar;F:\Projects\prom-exogenous-data\ExogenousData\ivy\KitFox-latest.jar;F:\Projects\prom-exogenous-data\ExogenousData\ivy\LPEngine-latest.jar;F:\Projects\prom-exogenous-data\ExogenousData\ivy\LTL2Automaton-latest.jar;F:\Projects\prom-exogenous-data\ExogenousData\ivy\Log-latest.jar;F:\Projects\prom-exogenous-data\ExogenousData\ivy\LogAbstractions-latest.jar;F:\Projects\prom-exogenous-data\ExogenousData\ivy\LogDialog-latest.jar;F:\Projects\prom-exogenous-data\ExogenousData\ivy\LogEnhancement-latest.jar;F:\Projects\prom-exogenous-data\ExogenousData\ivy\LpSolve-latest.jar;F:\Projects\prom-exogenous-data\ExogenousData\ivy\ModelRepair-latest.jar;F:\Projects\prom-exogenous-data\ExogenousData\ivy\Monte-latest.jar;F:\Projects\prom-exogenous-data\ExogenousData\ivy\Murata-latest.jar;F:\Projects\prom-exogenous-data\ExogenousData\ivy\OSService-latest.jar;F:\Projects\prom-exogenous-data\ExogenousData\ivy\OpenXES-latest.jar;F:\Projects\prom-exogenous-data\ExogenousData\ivy\PNetAlignmentAnalysis-latest.jar;F:\Projects\prom-exogenous-data\ExogenousData\ivy\PNetReplayer-latest.jar;F:\Projects\prom-exogenous-data\ExogenousData\ivy\PTConversions-latest.jar;F:\Projects\prom-exogenous-data\ExogenousData\ivy\PTMerge-latest.jar;F:\Projects\prom-exogenous-data\ExogenousData\ivy\Performance-latest.jar;F:\Projects\prom-exogenous-data\ExogenousData\ivy\PetriNets-latest.jar;F:\Projects\prom-exogenous-data\ExogenousData\ivy\ProM-Contexts-latest.jar;F:\Projects\prom-exogenous-data\ExogenousData\ivy\ProM-Framework-latest.jar;F:\Projects\prom-exogenous-data\ExogenousData\ivy\ProM-Models-latest.jar;F:\Projects\prom-exogenous-data\ExogenousData\ivy\ProM-Plugins-latest.jar;F:\Projects\prom-exogenous-data\ExogenousData\ivy\ProcessTree-latest.jar;F:\Projects\prom-exogenous-data\ExogenousData\ivy\Properties-latest.jar;F:\Projects\prom-exogenous-data\ExogenousData\ivy\REngine-unknown.jar;F:\Projects\prom-exogenous-data\ExogenousData\ivy\RTED-1.0.jar;F:\Projects\prom-exogenous-data\ExogenousData\ivy\Sat4j-latest.jar;F:\Projects\prom-exogenous-data\ExogenousData\ivy\Saxon-latest.jar;F:\Projects\prom-exogenous-data\ExogenousData\ivy\SparseBitSet-1.0.jar;F:\Projects\prom-exogenous-data\ExogenousData\ivy\Spex-1.1.jar;F:\Projects\prom-exogenous-data\ExogenousData\ivy\StatisticalTests-latest.jar;F:\Projects\prom-exogenous-data\ExogenousData\ivy\StochasticLabelledDataPetriNet-latest.jar;F:\Projects\prom-exogenous-data\ExogenousData\ivy\StochasticLabelledPetriNets-latest.jar;F:\Projects\prom-exogenous-data\ExogenousData\ivy\StochasticPetriNets-latest.jar;F:\Projects\prom-exogenous-data\ExogenousData\ivy\TableLayout-20050920.jar;F:\Projects\prom-exogenous-data\ExogenousData\ivy\TraceAlignmentWithGuideTree-latest.jar;F:\Projects\prom-exogenous-data\ExogenousData\ivy\TransitionSystems-latest.jar;F:\Projects\prom-exogenous-data\ExogenousData\ivy\UITopiaResources-0.6-20190913.jar;F:\Projects\prom-exogenous-data\ExogenousData\ivy\Uitopia-0.6-20190913.jar;F:\Projects\prom-exogenous-data\ExogenousData\ivy\Uma-latest.jar;F:\Projects\prom-exogenous-data\ExogenousData\ivy\Visualisation3D-latest.jar;F:\Projects\prom-exogenous-data\ExogenousData\ivy\Weka-latest.jar;F:\Projects\prom-exogenous-data\ExogenousData\ivy\Widgets-latest.jar;F:\Projects\prom-exogenous-data\ExogenousData\ivy\XESAlignmentExtension-latest.jar;F:\Projects\prom-exogenous-data\ExogenousData\ivy\XESLite-latest.jar;F:\Projects\prom-exogenous-data\ExogenousData\ivy\YAWL-latest.jar;F:\Projects\prom-exogenous-data\ExogenousData\ivy\YAWLEditor-2.3.5.wo.jgraph.jar;F:\Projects\prom-exogenous-data\ExogenousData\ivy\ant-1.9.4.jar;F:\Projects\prom-exogenous-data\ExogenousData\ivy\antlr-2.7.7.jar;F:\Projects\prom-exogenous-data\ExogenousData\ivy\antlr-runtime-3.2.jar;F:\Projects\prom-exogenous-data\ExogenousData\ivy\antlr4-runtime-4.5.jar;F:\Projects\prom-exogenous-data\ExogenousData\ivy\approxlib-1.0.jar;F:\Projects\prom-exogenous-data\ExogenousData\ivy\arpack_combined_all-0.1.jar;F:\Projects\prom-exogenous-data\ExogenousData\ivy\asm-5.0.3.jar;F:\Projects\prom-exogenous-data\ExogenousData\ivy\autocomplete-2.5.8.jar;F:\Projects\prom-exogenous-data\ExogenousData\ivy\axis-1.4.jar;F:\Projects\prom-exogenous-data\ExogenousData\ivy\batik-anim-1.9.1.jar;F:\Projects\prom-exogenous-data\ExogenousData\ivy\batik-awt-util-1.9.1.jar;F:\Projects\prom-exogenous-data\ExogenousData\ivy\batik-bridge-1.9.1.jar;F:\Projects\prom-exogenous-data\ExogenousData\ivy\batik-codec-1.9.1.jar;F:\Projects\prom-exogenous-data\ExogenousData\ivy\batik-css-1.9.1.jar;F:\Projects\prom-exogenous-data\ExogenousData\ivy\batik-dom-1.9.1.jar;F:\Projects\prom-exogenous-data\ExogenousData\ivy\batik-ext-1.9.1.jar;F:\Projects\prom-exogenous-data\ExogenousData\ivy\batik-extension-1.9.1.jar;F:\Projects\prom-exogenous-data\ExogenousData\ivy\batik-gui-util-1.9.1.jar;F:\Projects\prom-exogenous-data\ExogenousData\ivy\batik-gvt-1.9.1.jar;F:\Projects\prom-exogenous-data\ExogenousData\ivy\batik-parser-1.9.1.jar;F:\Projects\prom-exogenous-data\ExogenousData\ivy\batik-rasterizer-1.9.1.jar;F:\Projects\prom-exogenous-data\ExogenousData\ivy\batik-script-1.9.1.jar;F:\Projects\prom-exogenous-data\ExogenousData\ivy\batik-svg-dom-1.9.1.jar;F:\Projects\prom-exogenous-data\ExogenousData\ivy\batik-svggen-1.9.1.jar;F:\Projects\prom-exogenous-data\ExogenousData\ivy\batik-swing-1.9.1.jar;F:\Projects\prom-exogenous-data\ExogenousData\ivy\batik-transcoder-1.9.1.jar;F:\Projects\prom-exogenous-data\ExogenousData\ivy\batik-util-1.9.1.jar;F:\Projects\prom-exogenous-data\ExogenousData\ivy\batik-xml-1.9.1.jar;F:\Projects\prom-exogenous-data\ExogenousData\ivy\bounce-0.18.jar;F:\Projects\prom-exogenous-data\ExogenousData\ivy\bsh-2.0b4.jar;F:\Projects\prom-exogenous-data\ExogenousData\ivy\collections-generic-4.01.jar;F:\Projects\prom-exogenous-data\ExogenousData\ivy\colt-1.2.0.jar;F:\Projects\prom-exogenous-data\ExogenousData\ivy\commons-beanutils-1.9.4.jar;F:\Projects\prom-exogenous-data\ExogenousData\ivy\commons-cli-1.3.1.jar;F:\Projects\prom-exogenous-data\ExogenousData\ivy\commons-collections-3.2.2.jar;F:\Projects\prom-exogenous-data\ExogenousData\ivy\commons-collections4-4.4.jar;F:\Projects\prom-exogenous-data\ExogenousData\ivy\commons-compress-1.13.jar;F:\Projects\prom-exogenous-data\ExogenousData\ivy\commons-digester-2.1.jar;F:\Projects\prom-exogenous-data\ExogenousData\ivy\commons-io-2.4.jar;F:\Projects\prom-exogenous-data\ExogenousData\ivy\commons-lang3-3.12.0.jar;F:\Projects\prom-exogenous-data\ExogenousData\ivy\commons-logging-1.2.jar;F:\Projects\prom-exogenous-data\ExogenousData\ivy\commons-math3-3.6.1.jar;F:\Projects\prom-exogenous-data\ExogenousData\ivy\commons-text-1.9.jar;F:\Projects\prom-exogenous-data\ExogenousData\ivy\compress-lzf-1.0.3.jar;F:\Projects\prom-exogenous-data\ExogenousData\ivy\concurrent-trees-2.6.0.jar;F:\Projects\prom-exogenous-data\ExogenousData\ivy\cqengine-2.7.1.jar;F:\Projects\prom-exogenous-data\ExogenousData\ivy\dictomaton-1.2.1.jar;F:\Projects\prom-exogenous-data\ExogenousData\ivy\exp4j-0.3.8.jar;F:\Projects\prom-exogenous-data\ExogenousData\ivy\fastutil-7.1.0.jar;F:\Projects\prom-exogenous-data\ExogenousData\ivy\flanagan-0.9alpha.jar;F:\Projects\prom-exogenous-data\ExogenousData\ivy\flatlaf-2.0.jar;F:\Projects\prom-exogenous-data\ExogenousData\ivy\fop-2.2.jar;F:\Projects\prom-exogenous-data\ExogenousData\ivy\freehep-graphics2d-2.4.jar;F:\Projects\prom-exogenous-data\ExogenousData\ivy\freehep-graphicsbase-2.4.jar;F:\Projects\prom-exogenous-data\ExogenousData\ivy\freehep-graphicsio-2.4.jar;F:\Projects\prom-exogenous-data\ExogenousData\ivy\freehep-graphicsio-emf-2.4.jar;F:\Projects\prom-exogenous-data\ExogenousData\ivy\freehep-graphicsio-java-2.4.jar;F:\Projects\prom-exogenous-data\ExogenousData\ivy\freehep-graphicsio-pdf-2.4.jar;F:\Projects\prom-exogenous-data\ExogenousData\ivy\freehep-graphicsio-ps-2.4.jar;F:\Projects\prom-exogenous-data\ExogenousData\ivy\freehep-graphicsio-svg-2.4.jar;F:\Projects\prom-exogenous-data\ExogenousData\ivy\freehep-graphicsio-swf-2.4.jar;F:\Projects\prom-exogenous-data\ExogenousData\ivy\freehep-graphicsio-tests-2.4.jar;F:\Projects\prom-exogenous-data\ExogenousData\ivy\freehep-io-2.2.2.jar;F:\Projects\prom-exogenous-data\ExogenousData\ivy\gluegen-2.3.2.jar;F:\Projects\prom-exogenous-data\ExogenousData\ivy\gluegen-rt-2.3.2-javadoc.jar;F:\Projects\prom-exogenous-data\ExogenousData\ivy\gluegen-rt-2.3.2-natives-android-armv6.jar;F:\Projects\prom-exogenous-data\ExogenousData\ivy\gluegen-rt-2.3.2-natives-linux-amd64.jar;F:\Projects\prom-exogenous-data\ExogenousData\ivy\gluegen-rt-2.3.2-natives-linux-armv6.jar;F:\Projects\prom-exogenous-data\ExogenousData\ivy\gluegen-rt-2.3.2-natives-linux-armv6hf.jar;F:\Projects\prom-exogenous-data\ExogenousData\ivy\gluegen-rt-2.3.2-natives-linux-i586.jar;F:\Projects\prom-exogenous-data\ExogenousData\ivy\gluegen-rt-2.3.2-natives-macosx-universal.jar;F:\Projects\prom-exogenous-data\ExogenousData\ivy\gluegen-rt-2.3.2-natives-solaris-amd64.jar;F:\Projects\prom-exogenous-data\ExogenousData\ivy\gluegen-rt-2.3.2-natives-solaris-i586.jar;F:\Projects\prom-exogenous-data\ExogenousData\ivy\gluegen-rt-2.3.2-natives-windows-amd64.jar;F:\Projects\prom-exogenous-data\ExogenousData\ivy\gluegen-rt-2.3.2-natives-windows-i586.jar;F:\Projects\prom-exogenous-data\ExogenousData\ivy\gluegen-rt-2.3.2-sources.jar;F:\Projects\prom-exogenous-data\ExogenousData\ivy\gluegen-rt-2.3.2.jar;F:\Projects\prom-exogenous-data\ExogenousData\ivy\gson-2.3.1.jar;F:\Projects\prom-exogenous-data\ExogenousData\ivy\guava-16.0.1.jar;F:\Projects\prom-exogenous-data\ExogenousData\ivy\gurobi-6.5.jar;F:\Projects\prom-exogenous-data\ExogenousData\ivy\hamcrest-all-1.3.jar;F:\Projects\prom-exogenous-data\ExogenousData\ivy\hamcrest-core-1.3.jar;F:\Projects\prom-exogenous-data\ExogenousData\ivy\high-scale-lib-1.1.4.jar;F:\Projects\prom-exogenous-data\ExogenousData\ivy\istack-commons-runtime-3.0.12.jar;F:\Projects\prom-exogenous-data\ExogenousData\ivy\itextpdf-5.5.11.jar;F:\Projects\prom-exogenous-data\ExogenousData\ivy\j2ssh-common-0.2.9.jar;F:\Projects\prom-exogenous-data\ExogenousData\ivy\j2ssh-core-0.2.9.jar;F:\Projects\prom-exogenous-data\ExogenousData\ivy\jackson-annotations-2.8.0.jar;F:\Projects\prom-exogenous-data\ExogenousData\ivy\jackson-core-2.8.1.jar;F:\Projects\prom-exogenous-data\ExogenousData\ivy\jackson-databind-2.8.1.jar;F:\Projects\prom-exogenous-data\ExogenousData\ivy\jakarta.activation-1.2.2.jar;F:\Projects\prom-exogenous-data\ExogenousData\ivy\jakarta.activation-api-1.2.2.jar;F:\Projects\prom-exogenous-data\ExogenousData\ivy\jakarta.xml.bind-api-2.3.3.jar;F:\Projects\prom-exogenous-data\ExogenousData\ivy\jama-1.0.3.jar;F:\Projects\prom-exogenous-data\ExogenousData\ivy\japura-1.12.3.jar;F:\Projects\prom-exogenous-data\ExogenousData\ivy\jargs-latest.jar;F:\Projects\prom-exogenous-data\ExogenousData\ivy\jas-plotter-2.2.jar;F:\Projects\prom-exogenous-data\ExogenousData\ivy\java-cup-11b-2015.03.26.jar;F:\Projects\prom-exogenous-data\ExogenousData\ivy\java-cup-11b-20160615.jar;F:\Projects\prom-exogenous-data\ExogenousData\ivy\java-cup-11b-runtime-2015.03.26.jar;F:\Projects\prom-exogenous-data\ExogenousData\ivy\java-cup-runtime-11b-20160615.jar;F:\Projects\prom-exogenous-data\ExogenousData\ivy\java-merge-sort-1.0.0.jar;F:\Projects\prom-exogenous-data\ExogenousData\ivy\java-sizeof-0.0.5.jar;F:\Projects\prom-exogenous-data\ExogenousData\ivy\javabdd-1.0b2.jar;F:\Projects\prom-exogenous-data\ExogenousData\ivy\javacsv-2.1.jar;F:\Projects\prom-exogenous-data\ExogenousData\ivy\javailp-1.2a.jar;F:\Projects\prom-exogenous-data\ExogenousData\ivy\javassist-3.18.2-GA.jar;F:\Projects\prom-exogenous-data\ExogenousData\ivy\javassist-unknown.jar;F:\Projects\prom-exogenous-data\ExogenousData\ivy\javax.activation-api-1.2.0.jar;F:\Projects\prom-exogenous-data\ExogenousData\ivy\javolution-5.2.3.jar;F:\Projects\prom-exogenous-data\ExogenousData\ivy\jaxb-api-2.4.0-b180830.0359.jar;F:\Projects\prom-exogenous-data\ExogenousData\ivy\jaxb-runtime-2.3.5.jar;F:\Projects\prom-exogenous-data\ExogenousData\ivy\jblas-1.2.4.jar;F:\Projects\prom-exogenous-data\ExogenousData\ivy\jbpt-0.2.429.1.jar;F:\Projects\prom-exogenous-data\ExogenousData\ivy\jcalendar-1.4.jar;F:\Projects\prom-exogenous-data\ExogenousData\ivy\jclipboardhelper-0.1.0.jar;F:\Projects\prom-exogenous-data\ExogenousData\ivy\jcommon-1.0.24.jar;F:\Projects\prom-exogenous-data\ExogenousData\ivy\jdom-legacy-1.1.3.jar;F:\Projects\prom-exogenous-data\ExogenousData\ivy\jep-2.4.2.jar;F:\Projects\prom-exogenous-data\ExogenousData\ivy\jetm-1.2.3.jar;F:\Projects\prom-exogenous-data\ExogenousData\ivy\jfilechooser-bookmarks-0.1.6.jar;F:\Projects\prom-exogenous-data\ExogenousData\ivy\jfreechart-1.5.3.jar;F:\Projects\prom-exogenous-data\ExogenousData\ivy\jfreesvg-3.4.3.jar;F:\Projects\prom-exogenous-data\ExogenousData\ivy\jgraph-5.13.0.4.jar;F:\Projects\prom-exogenous-data\ExogenousData\ivy\jgrapht-jdk1.6.jar;F:\Projects\prom-exogenous-data\ExogenousData\ivy\jlfgr-1_0.jar;F:\Projects\prom-exogenous-data\ExogenousData\ivy\jmathplot-unknown.jar;F:\Projects\prom-exogenous-data\ExogenousData\ivy\joda-time-2.9.4.jar;F:\Projects\prom-exogenous-data\ExogenousData\ivy\jogl-2.3.2.jar;F:\Projects\prom-exogenous-data\ExogenousData\ivy\jogl-all-2.3.2-javadoc.jar;F:\Projects\prom-exogenous-data\ExogenousData\ivy\jogl-all-2.3.2-natives-android-armv6.jar;F:\Projects\prom-exogenous-data\ExogenousData\ivy\jogl-all-2.3.2-natives-linux-amd64.jar;F:\Projects\prom-exogenous-data\ExogenousData\ivy\jogl-all-2.3.2-natives-linux-armv6.jar;F:\Projects\prom-exogenous-data\ExogenousData\ivy\jogl-all-2.3.2-natives-linux-armv6hf.jar;F:\Projects\prom-exogenous-data\ExogenousData\ivy\jogl-all-2.3.2-natives-linux-i586.jar;F:\Projects\prom-exogenous-data\ExogenousData\ivy\jogl-all-2.3.2-natives-macosx-universal.jar;F:\Projects\prom-exogenous-data\ExogenousData\ivy\jogl-all-2.3.2-natives-solaris-amd64.jar;F:\Projects\prom-exogenous-data\ExogenousData\ivy\jogl-all-2.3.2-natives-solaris-i586.jar;F:\Projects\prom-exogenous-data\ExogenousData\ivy\jogl-all-2.3.2-natives-windows-amd64.jar;F:\Projects\prom-exogenous-data\ExogenousData\ivy\jogl-all-2.3.2-natives-windows-i586.jar;F:\Projects\prom-exogenous-data\ExogenousData\ivy\jogl-all-2.3.2.jar;F:\Projects\prom-exogenous-data\ExogenousData\ivy\jogl-all-main-2.3.2-javadoc.jar;F:\Projects\prom-exogenous-data\ExogenousData\ivy\jogl-all-main-2.3.2-sources.jar;F:\Projects\prom-exogenous-data\ExogenousData\ivy\jogl-all-main-2.3.2.jar;F:\Projects\prom-exogenous-data\ExogenousData\ivy\jscience-4.3.1.jar;F:\Projects\prom-exogenous-data\ExogenousData\ivy\json-simple-1.1.1.jar;F:\Projects\prom-exogenous-data\ExogenousData\ivy\jung-algorithms-2.0.jar;F:\Projects\prom-exogenous-data\ExogenousData\ivy\jung-api-2.0.jar;F:\Projects\prom-exogenous-data\ExogenousData\ivy\jung-graph-impl-2.0.jar;F:\Projects\prom-exogenous-data\ExogenousData\ivy\jung-io-2.0.jar;F:\Projects\prom-exogenous-data\ExogenousData\ivy\jung-visualization-2.0.jar;F:\Projects\prom-exogenous-data\ExogenousData\ivy\junit-4.12.jar;F:\Projects\prom-exogenous-data\ExogenousData\ivy\juniversalchardet-1.0.3.jar;F:\Projects\prom-exogenous-data\ExogenousData\ivy\jxl-2.6.jar;F:\Projects\prom-exogenous-data\ExogenousData\ivy\jython-standalone-2.7.0.jar;F:\Projects\prom-exogenous-data\ExogenousData\ivy\kryo-3.0.3.jar;F:\Projects\prom-exogenous-data\ExogenousData\ivy\kryo-serializers-0.37.jar;F:\Projects\prom-exogenous-data\ExogenousData\ivy\lombok-1.18.20.jar;F:\Projects\prom-exogenous-data\ExogenousData\ivy\lz4-1.3.jar;F:\Projects\prom-exogenous-data\ExogenousData\ivy\mapdb-2.0-beta13.jar;F:\Projects\prom-exogenous-data\ExogenousData\ivy\minlog-1.3.0.jar;F:\Projects\prom-exogenous-data\ExogenousData\ivy\mtj-1.0.4.jar;F:\Projects\prom-exogenous-data\ExogenousData\ivy\nativewindow-2.3.2.jar;F:\Projects\prom-exogenous-data\ExogenousData\ivy\netlib-java-1.1.jar;F:\Projects\prom-exogenous-data\ExogenousData\ivy\objenesis-2.1.jar;F:\Projects\prom-exogenous-data\ExogenousData\ivy\opencsv-2.4-patched.jar;F:\Projects\prom-exogenous-data\ExogenousData\ivy\opencsv-5.5.2.jar;F:\Projects\prom-exogenous-data\ExogenousData\ivy\openide-lookup-1.9-patched-1.0.jar;F:\Projects\prom-exogenous-data\ExogenousData\ivy\oplall-6.3.jar;F:\Projects\prom-exogenous-data\ExogenousData\ivy\optics_dbScan-1.0.4.jar;F:\Projects\prom-exogenous-data\ExogenousData\ivy\org.eclipse.emf.common-2.7.0.jar;F:\Projects\prom-exogenous-data\ExogenousData\ivy\org.eclipse.emf.ecore-2.8.3.v20130125-0546.jar;F:\Projects\prom-exogenous-data\ExogenousData\ivy\org.eclipse.emf.ecore.xmi-2.5.0.v20100521-1846.jar;F:\Projects\prom-exogenous-data\ExogenousData\ivy\org.eclipse.uml2.common-1.5.0.v201005031530.jar;F:\Projects\prom-exogenous-data\ExogenousData\ivy\org.eclipse.uml2.uml-3.1.2.v201010261927.jar;F:\Projects\prom-exogenous-data\ExogenousData\ivy\org.mozilla.javascript-1.7.2.jar;F:\Projects\prom-exogenous-data\ExogenousData\ivy\pnapi-java-1.0.5.jar;F:\Projects\prom-exogenous-data\ExogenousData\ivy\prefuse-core-1.0.0.jar;F:\Projects\prom-exogenous-data\ExogenousData\ivy\protobuf-java-2.6.1.jar;F:\Projects\prom-exogenous-data\ExogenousData\ivy\reflectasm-1.10.1.jar;F:\Projects\prom-exogenous-data\ExogenousData\ivy\reflections-0.9.10.jar;F:\Projects\prom-exogenous-data\ExogenousData\ivy\rhino-1.7.7.jar;F:\Projects\prom-exogenous-data\ExogenousData\ivy\rsyntaxtextarea-2.5.8.jar;F:\Projects\prom-exogenous-data\ExogenousData\ivy\saxon-9he.jar;F:\Projects\prom-exogenous-data\ExogenousData\ivy\simmetrics-latest.jar;F:\Projects\prom-exogenous-data\ExogenousData\ivy\simple-xml-2.7.jar;F:\Projects\prom-exogenous-data\ExogenousData\ivy\simpleEducationalLearningSchemes-1.0.2.jar;F:\Projects\prom-exogenous-data\ExogenousData\ivy\slickerbox-1.0rc1.jar;F:\Projects\prom-exogenous-data\ExogenousData\ivy\sqlite-jdbc-3.15.1.jar;F:\Projects\prom-exogenous-data\ExogenousData\ivy\stringtemplate-3.2.jar;F:\Projects\prom-exogenous-data\ExogenousData\ivy\trove4j-3.0.3.jar;F:\Projects\prom-exogenous-data\ExogenousData\ivy\txw2-2.3.5.jar;F:\Projects\prom-exogenous-data\ExogenousData\ivy\ujmp-complete-0.2.5.jar;F:\Projects\prom-exogenous-data\ExogenousData\ivy\uma-1.3.2.jar;F:\Projects\prom-exogenous-data\ExogenousData\ivy\uncommons-maths-1.2.3.jar;F:\Projects\prom-exogenous-data\ExogenousData\ivy\univocity-parsers-2.2.2.jar;F:\Projects\prom-exogenous-data\ExogenousData\ivy\weka-stable-3.8.0.jar;F:\Projects\prom-exogenous-data\ExogenousData\ivy\xercesImpl-2.11.0.jar;F:\Projects\prom-exogenous-data\ExogenousData\ivy\xmlParserAPIs-2.6.2.jar;F:\Projects\prom-exogenous-data\ExogenousData\ivy\xpp3-1.1.4c.jar;F:\Projects\prom-exogenous-data\ExogenousData\ivy\xstream-1.4.9.jar;F:\Projects\prom-exogenous-data\ExogenousData\tests\bin-test;F:\tools\apache-ant-1.10.14-bin\apache-ant-1.10.14\lib\ant-launcher.jar;F:\tools\apache-ant-1.10.14-bin\apache-ant-1.10.14\lib\ant.jar;F:\tools\apache-ant-1.10.14-bin\apache-ant-1.10.14\lib\ant-junit.jar;F:\tools\apache-ant-1.10.14-bin\apache-ant-1.10.14\lib\ant-junit4.jar" />
    <property name="java.vm.vendor" value="Oracle Corporation" />
    <property name="sun.arch.data.model" value="64" />
    <property name="user.variant" value="" />
    <property name="java.vendor.url" value="https://openjdk.java.net/" />
    <property name="user.timezone" value="" />
    <property name="net.sourceforge.cobertura.datafile" value="F:\Projects\prom-exogenous-data\ExogenousData\tests\cobertura.ser" />
    <property name="os.name" value="Windows 10" />
    <property name="java.vm.specification.version" value="11" />
    <property name="test.basedir" value="F:\Projects\prom-exogenous-data\ExogenousData\tests" />
    <property name="sun.java.launcher" value="SUN_STANDARD" />
    <property name="user.country" value="AU" />
    <property name="dir.testfiles" value="F:\Projects\prom-exogenous-data\ExogenousData\tests\testfiles" />
    <property name="sun.boot.library.path" value="C:\Program Files\Java\jdk-11.0.7\bin" />
    <property name="sun.java.command" value="org.apache.tools.ant.taskdefs.optional.junit.JUnitTestRunner org.processmining.qut.exogenousaware.stochastic.discovery.SLPNEDDiscoveryTest skipNonTests=false filtertrace=true haltOnError=false haltOnFailure=false showoutput=false outputtoformatters=true logfailedtests=true threadid=0 logtestlistenerevents=false formatter=org.apache.tools.ant.taskdefs.optional.junit.XMLJUnitResultFormatter,F:\Projects\prom-exogenous-data\ExogenousData\tests\TEST-org.processmining.qut.exogenousaware.stochastic.discovery.SLPNEDDiscoveryTest.xml crashfile=F:\Projects\prom-exogenous-data\ExogenousData\tests\junitvmwatcher8225021386559909157.properties propsfile=F:\Projects\prom-exogenous-data\ExogenousData\tests\junit3336925757941650440.properties" />
    <property name="jdk.debug" value="release" />
    <property name="sun.cpu.endian" value="little" />
    <property name="user.home" value="C:\Users\adam" />
    <property name="user.language" value="en" />
    <property name="sun.stderr.encoding" value="cp437" />
    <property name="java.specification.vendor" value="Oracle Corporation" />
    <property name="ant.file.type.ExogenousData.test" value="file" />
    <property name="java.version.date" value="2020-04-14" />
    <property name="dir.test-src" value="F:\Projects\prom-exogenous-data\ExogenousData\tests\src-test" />
    <property name="java.home" value="C:\Program Files\Java\jdk-11.0.7" />
    <property name="basedir" value="F:\Projects\prom-exogenous-data\ExogenousData\tests" />
    <property name="file.separator" value="\" />
    <property name="java.vm.compressedOopsMode" value="32-bit" />
    <property name="sun.stdout.encoding" value="cp437" />
    <property name="line.separator" value="&#xd;&#xa;" />
    <property name="ant.java.version" value="11" />
    <property name="java.vm.specification.vendor" value="Oracle Corporation" />
    <property name="java.specification.name" value="Java Platform API Specification" />
    <property name="java.awt.graphicsenv" value="sun.awt.Win32GraphicsEnvironment" />
    <property name="user.script" value="" />
    <property name="sun.management.compiler" value="HotSpot 64-Bit Tiered Compilers" />
    <property name="dir.test-instrument" value="F:\Projects\prom-exogenous-data\ExogenousData\tests\bin-test-instrument" />
    <property name="dir.test-bin" value="F:\Projects\prom-exogenous-data\ExogenousData\tests\bin-test" />
    <property name="java.runtime.version" value="11.0.7+8-LTS" />
    <property name="user.name" value="adam" />
    <property name="ant.file" value="F:\Projects\prom-exogenous-data\ExogenousData\tests\build.xml" />
    <property name="path.separator" value=";" />
    <property name="cobertura.datafile" value="F:\Projects\prom-exogenous-data\ExogenousData\tests\cobertura.ser" />
    <property name="ant.file.ExogenousData.test" value="F:\Projects\prom-exogenous-data\ExogenousData\tests\build.xml" />
    <property name="os.version" value="10.0" />
    <property name="test.testFileRoot" value="F:\Projects\prom-exogenous-data\ExogenousData\tests\testfiles" />
    <property name="java.runtime.name" value="Java(TM) SE Runtime Environment" />
    <property name="file.encoding" value="Cp1252" />
    <property name="ant.project.invoked-targets" value="check" />
    <property name="dir.coveragereport.html" value="F:\Projects\prom-exogenous-data\ExogenousData\tests\cover-html" />
    <property name="java.vm.name" value="Java HotSpot(TM) 64-Bit Server VM" />
    <property name="java.vendor.version" value="18.9" />
    <property name="ant.core.lib" value="F:\tools\apache-ant-1.10.14-bin\apache-ant-1.10.14\lib\ant.jar" />
    <property name="java.vendor.url.bug" value="https://bugreport.java.com/bugreport/" />
    <property name="java.io.tmpdir" value="C:\Users\adam\AppData\Local\Temp\" />
    <property name="java.version" value="11.0.7" />
    <property name="src" value="F:\Projects\prom-exogenous-data\ExogenousData\src" />
    <property name="user.dir" value="F:\Projects\prom-exogenous-data\ExogenousData" />
    <property name="os.arch" value="amd64" />
    <property name="java.vm.specification.name" value="Java Virtual Machine Specification" />
    <property name="java.awt.printerjob" value="sun.awt.windows.WPrinterJob" />
    <property name="ant.home" value="F:\tools\apache-ant-1.10.14-bin\apache-ant-1.10.14\bin\.." />
    <property name="sun.os.patch.level" value="" />
    <property name="home" value="F:\Projects\prom-exogenous-data\ExogenousData" />
    <property name="ant.version" value="Apache Ant(TM) version 1.10.14 compiled on August 16 2023" />
    <property name="java.library.path" value=".//lib" />
    <property name="java.vendor" value="Oracle Corporation" />
    <property name="dir.coveragereport.xml" value="F:\Projects\prom-exogenous-data\ExogenousData\tests\cover-xml" />
    <property name="java.vm.info" value="mixed mode" />
    <property name="java.vm.version" value="11.0.7+8-LTS" />
    <property name="sun.io.unicode.encoding" value="UnicodeLittle" />
    <property name="java.class.version" value="55.0" />
    <property name="ant.project.default-target" value="check" />
  </properties>
  <testcase classname="org.processmining.qut.exogenousaware.stochastic.discovery.SLPNEDDiscoveryTest" name="test" time="0.284" />
  <system-out><![CDATA[building choice data...
LpSolve Libraries Loaded
looking at an alignment for a trace...
trace ::  abccd
moves :: [Sync move, Sync move, Invisible step, Sync move, Invisible step, Sync move, Sync move]
found pair at (0,1)
class org.processmining.models.graphbased.directed.petrinet.elements.Transition
b added time of 3.5572727E-317
found pair at (1,3)
class org.processmining.models.graphbased.directed.petrinet.elements.Transition
c added time of 1.0671818E-316
found pair at (3,5)
class org.processmining.models.graphbased.directed.petrinet.elements.Transition
c added time of 7.1145453E-317
found pair at (5,6)
class org.processmining.models.graphbased.directed.petrinet.elements.Transition
d added time of 5.335909E-317
looking at an alignment for a trace...
trace ::  abebd
moves :: [Sync move, Sync move, Invisible step, Log move, Sync move, Sync move]
found pair at (0,1)
class org.processmining.models.graphbased.directed.petrinet.elements.Transition
b added time of 7.1145453E-317
found pair at (1,3)
class org.deckfour.xes.classification.XEventClass
found pair at (3,4)
class org.processmining.models.graphbased.directed.petrinet.elements.Transition
b added time of 1.24504543E-316
looking at an alignment for a trace...
trace ::  afezd
moves :: [Sync move, Model move, Log move, Log move, Log move, Sync move]
found pair at (0,2)
class org.deckfour.xes.classification.XEventClass
looking at an alignment for a trace...
trace ::  acb
moves :: [Sync move, Sync move, Invisible step, Sync move, Model move]
found pair at (0,1)
class org.processmining.models.graphbased.directed.petrinet.elements.Transition
c added time of 3.5572727E-317
found pair at (1,3)
class org.processmining.models.graphbased.directed.petrinet.elements.Transition
b added time of 1.0671818E-316
looking at an alignment for a trace...
trace ::  fbzd
moves :: [Model move, Log move, Sync move, Log move, Sync move]
found pair at (1,2)
class org.processmining.models.graphbased.directed.petrinet.elements.Transition
b added time of 1.77863633E-316
collected sojourn times...
built lazy iterator for choice data...
left_rem : []
curr :Sync move
right_rem :[Sync move, Invisible step, Sync move, Invisible step, Sync move, Sync move]
determined sync power
asked to find event as of step number : 1
Returning :: 0
left_rem : [Sync move]
curr :Sync move
right_rem :[Invisible step, Sync move, Invisible step, Sync move, Sync move]
determined sync power
asked to find event as of step number : 2
Returning :: 1
left_rem : [Sync move, Sync move]
curr :Invisible step
right_rem :[Sync move, Invisible step, Sync move, Sync move]
determined silent power
left_rem : [Sync move, Sync move, Invisible step]
curr :Sync move
right_rem :[Invisible step, Sync move, Sync move]
determined sync power
asked to find event as of step number : 4
Returning :: 2
left_rem : [Sync move, Sync move, Invisible step, Sync move]
curr :Invisible step
right_rem :[Sync move, Sync move]
determined silent power
left_rem : [Sync move, Sync move, Invisible step, Sync move, Invisible step]
curr :Sync move
right_rem :[Sync move]
determined sync power
asked to find event as of step number : 6
Returning :: 3
left_rem : [Sync move, Sync move, Invisible step, Sync move, Invisible step, Sync move]
curr :Sync move
right_rem :[]
determined sync power
asked to find event as of step number : 7
Returning :: 4
theta operations :: SyncPower->SyncPower->SilentPower->SyncPower->SilentPower->SyncPower->SyncPower
Dataset (X) mean computed :: 333.0
Dataset (X) std computed :: 5.758775460954228
Dataset (Y) mean computed :: 273.0
Dataset (Y) std computed :: 8.261355820929154
Dataset (Z) mean computed :: 30.0
Dataset (Z) std computed :: 0.0
(a, <0.7900,0.3682,0.0000>, a)
(c|b, <0.6387,0.3359,0.0000>, b)
(tau|d, <0.2628,0.1416,0.0000>, tau)
(c|b, <0.2628,0.1416,0.0000>, c)
(tau|d, <0.7835,0.4147,0.0000>, tau)
(c|b, <0.7835,0.4147,0.0000>, c)
(tau|d, <0.8573,0.4701,0.0000>, d)
left_rem : []
curr :Sync move
right_rem :[Sync move, Invisible step, Log move, Sync move, Sync move]
determined sync power
asked to find event as of step number : 1
Returning :: 0
left_rem : [Sync move]
curr :Sync move
right_rem :[Invisible step, Log move, Sync move, Sync move]
determined sync power
asked to find event as of step number : 2
Returning :: 1
left_rem : [Sync move, Sync move]
curr :Invisible step
right_rem :[Log move, Sync move, Sync move]
determined silent power
left_rem : [Sync move, Sync move, Invisible step]
curr :Log move
right_rem :[Sync move, Sync move]
determined log power
left_rem : [Sync move, Sync move, Invisible step, Log move]
curr :Sync move
right_rem :[Sync move]
determined sync power
asked to find event as of step number : 5
Returning :: 3
left_rem : [Sync move, Sync move, Invisible step, Log move, Sync move]
curr :Sync move
right_rem :[]
determined sync power
asked to find event as of step number : 6
Returning :: 4
theta operations :: SyncPower->SyncPower->SilentPower->skipped->SyncPower->SyncPower
(a, <0.0083,?,0.0000>, a)
(c|b, <0.0885,?,0.0000>, b)
(tau|d, <0.5008,?,0.0000>, tau)
(c|b, <0.5008,?,0.0000>, b)
(tau|d, <0.6191,?,0.0000>, d)
left_rem : []
curr :Sync move
right_rem :[Model move, Log move, Log move, Log move, Sync move]
determined sync power
asked to find event as of step number : 1
Returning :: 0
left_rem : [Sync move]
curr :Model move
right_rem :[Log move, Log move, Log move, Sync move]
determined betweensync power
asked to find event as of step number : 1
Returning :: 0
asked to find event as of step number : 6
Returning :: 4
left_rem : [Sync move, Model move]
curr :Log move
right_rem :[Log move, Log move, Sync move]
determined log power
left_rem : [Sync move, Model move, Log move]
curr :Log move
right_rem :[Log move, Sync move]
determined log power
left_rem : [Sync move, Model move, Log move, Log move]
curr :Log move
right_rem :[Sync move]
determined log power
left_rem : [Sync move, Model move, Log move, Log move, Log move]
curr :Sync move
right_rem :[]
determined sync power
asked to find event as of step number : 6
Returning :: 4
theta operations :: SyncPower->BetweenSync->skipped->skipped->skipped->SyncPower
starting between syn with sojourn size of :: 5
starting between syn with sojourn size of :: 5
(a, <0.3239,?,0.0000>, a)
(c|b, <0.2638,?,0.0000>, b)
(tau|d, <0.3533,?,0.0000>, d)
left_rem : []
curr :Sync move
right_rem :[Sync move, Invisible step, Sync move, Model move]
determined sync power
asked to find event as of step number : 1
Returning :: 0
left_rem : [Sync move]
curr :Sync move
right_rem :[Invisible step, Sync move, Model move]
determined sync power
asked to find event as of step number : 2
Returning :: 1
left_rem : [Sync move, Sync move]
curr :Invisible step
right_rem :[Sync move, Model move]
determined silent power
left_rem : [Sync move, Sync move, Invisible step]
curr :Sync move
right_rem :[Model move]
determined sync power
asked to find event as of step number : 4
Returning :: 2
left_rem : [Sync move, Sync move, Invisible step, Sync move]
curr :Model move
right_rem :[]
determined preceding power
asked to find event as of step number : 3
Returning :: 1
theta operations :: SyncPower->SyncPower->SilentPower->SyncPower->PrecedingSync
starting preceeding syn with sojourn size of :: 1
starting preceeding syn with sojourn size of :: 1
(a, <?,0.3077,0.0000>, a)
(c|b, <?,0.1435,0.0000>, c)
(tau|d, <?,0.2266,0.0000>, tau)
(c|b, <?,0.2266,0.0000>, b)
(tau|d, <?,0.3318,0.0000>, d)
left_rem : []
curr :Model move
right_rem :[Log move, Sync move, Log move, Sync move]
determined proceding power
asked to find event as of step number : 2
Returning :: 0
proceeding made targetting :: 0
left_rem : [Model move]
curr :Log move
right_rem :[Sync move, Log move, Sync move]
determined log power
left_rem : [Model move, Log move]
curr :Sync move
right_rem :[Log move, Sync move]
determined sync power
asked to find event as of step number : 3
Returning :: 1
left_rem : [Model move, Log move, Sync move]
curr :Log move
right_rem :[Sync move]
determined log power
left_rem : [Model move, Log move, Sync move, Log move]
curr :Sync move
right_rem :[]
determined sync power
asked to find event as of step number : 5
Returning :: 3
theta operations :: ProceddingSync->skipped->SyncPower->skipped->SyncPower
sending choice data to equalities factory...
created variable :: BW_node_567776ad-83bf-4304-8dd3-02e190d5fc24
created variable :: AX_node_567776ad-83bf-4304-8dd3-02e190d5fc24_X
created variable :: NAX_node_567776ad-83bf-4304-8dd3-02e190d5fc24_X
created variable :: AX_node_567776ad-83bf-4304-8dd3-02e190d5fc24_Y
created variable :: NAX_node_567776ad-83bf-4304-8dd3-02e190d5fc24_Y
created variable :: AX_node_567776ad-83bf-4304-8dd3-02e190d5fc24_Z
created variable :: NAX_node_567776ad-83bf-4304-8dd3-02e190d5fc24_Z
created variable :: BW_node_28b8fadf-96bf-45f8-847c-d2ea38e84db2
created variable :: AX_node_28b8fadf-96bf-45f8-847c-d2ea38e84db2_X
created variable :: NAX_node_28b8fadf-96bf-45f8-847c-d2ea38e84db2_X
created variable :: AX_node_28b8fadf-96bf-45f8-847c-d2ea38e84db2_Y
created variable :: NAX_node_28b8fadf-96bf-45f8-847c-d2ea38e84db2_Y
created variable :: AX_node_28b8fadf-96bf-45f8-847c-d2ea38e84db2_Z
created variable :: NAX_node_28b8fadf-96bf-45f8-847c-d2ea38e84db2_Z
created variable :: BW_node_74722d07-fa7d-41f1-8cfd-cc71c3c8b074
created variable :: AX_node_74722d07-fa7d-41f1-8cfd-cc71c3c8b074_X
created variable :: NAX_node_74722d07-fa7d-41f1-8cfd-cc71c3c8b074_X
created variable :: AX_node_74722d07-fa7d-41f1-8cfd-cc71c3c8b074_Y
created variable :: NAX_node_74722d07-fa7d-41f1-8cfd-cc71c3c8b074_Y
created variable :: AX_node_74722d07-fa7d-41f1-8cfd-cc71c3c8b074_Z
created variable :: NAX_node_74722d07-fa7d-41f1-8cfd-cc71c3c8b074_Z
created variable :: BW_node_919ee2b6-70ae-45e2-a94d-1e43de67cb45
created variable :: AX_node_919ee2b6-70ae-45e2-a94d-1e43de67cb45_X
created variable :: NAX_node_919ee2b6-70ae-45e2-a94d-1e43de67cb45_X
created variable :: AX_node_919ee2b6-70ae-45e2-a94d-1e43de67cb45_Y
created variable :: NAX_node_919ee2b6-70ae-45e2-a94d-1e43de67cb45_Y
created variable :: AX_node_919ee2b6-70ae-45e2-a94d-1e43de67cb45_Z
created variable :: NAX_node_919ee2b6-70ae-45e2-a94d-1e43de67cb45_Z
created variable :: BW_node_eda99889-5286-488d-83aa-21934661ff7c
created variable :: AX_node_eda99889-5286-488d-83aa-21934661ff7c_X
created variable :: NAX_node_eda99889-5286-488d-83aa-21934661ff7c_X
created variable :: AX_node_eda99889-5286-488d-83aa-21934661ff7c_Y
created variable :: NAX_node_eda99889-5286-488d-83aa-21934661ff7c_Y
created variable :: AX_node_eda99889-5286-488d-83aa-21934661ff7c_Z
created variable :: NAX_node_eda99889-5286-488d-83aa-21934661ff7c_Z
prepared variables...
working on (tau|d, <0.5008,?,0.0000>, tau) with size of 1
(zero removed) constructed :: 1.0=((BW_node_919ee2b6-70ae-45e2-a94d-1e43de67cb45) * (((AX_node_919ee2b6-70ae-45e2-a94d-1e43de67cb45_X^0.5007864541179362) * (NAX_node_919ee2b6-70ae-45e2-a94d-1e43de67cb45_Y)) * (AX_node_919ee2b6-70ae-45e2-a94d-1e43de67cb45_Z^0.0))) / ((((BW_node_919ee2b6-70ae-45e2-a94d-1e43de67cb45) * (((AX_node_919ee2b6-70ae-45e2-a94d-1e43de67cb45_X^0.5007864541179362) * (NAX_node_919ee2b6-70ae-45e2-a94d-1e43de67cb45_Y)) * (AX_node_919ee2b6-70ae-45e2-a94d-1e43de67cb45_Z^0.0)))) + ((BW_node_eda99889-5286-488d-83aa-21934661ff7c) * (((AX_node_eda99889-5286-488d-83aa-21934661ff7c_X^0.5007864541179362) * (NAX_node_eda99889-5286-488d-83aa-21934661ff7c_Y)) * (AX_node_eda99889-5286-488d-83aa-21934661ff7c_Z^0.0))))@1
working on (c|b, <0.5008,?,0.0000>, b) with size of 1
(zero removed) constructed :: 1.0=((BW_node_28b8fadf-96bf-45f8-847c-d2ea38e84db2) * (((AX_node_28b8fadf-96bf-45f8-847c-d2ea38e84db2_X^0.5007864541179362) * (NAX_node_28b8fadf-96bf-45f8-847c-d2ea38e84db2_Y)) * (AX_node_28b8fadf-96bf-45f8-847c-d2ea38e84db2_Z^0.0))) / ((((BW_node_74722d07-fa7d-41f1-8cfd-cc71c3c8b074) * (((AX_node_74722d07-fa7d-41f1-8cfd-cc71c3c8b074_X^0.5007864541179362) * (NAX_node_74722d07-fa7d-41f1-8cfd-cc71c3c8b074_Y)) * (AX_node_74722d07-fa7d-41f1-8cfd-cc71c3c8b074_Z^0.0)))) + ((BW_node_28b8fadf-96bf-45f8-847c-d2ea38e84db2) * (((AX_node_28b8fadf-96bf-45f8-847c-d2ea38e84db2_X^0.5007864541179362) * (NAX_node_28b8fadf-96bf-45f8-847c-d2ea38e84db2_Y)) * (AX_node_28b8fadf-96bf-45f8-847c-d2ea38e84db2_Z^0.0))))@1
working on (tau|d, <0.3533,?,0.0000>, d) with size of 1
(zero removed) constructed :: 1.0=((BW_node_eda99889-5286-488d-83aa-21934661ff7c) * (((AX_node_eda99889-5286-488d-83aa-21934661ff7c_X^0.35327224283868286) * (NAX_node_eda99889-5286-488d-83aa-21934661ff7c_Y)) * (AX_node_eda99889-5286-488d-83aa-21934661ff7c_Z^0.0))) / ((((BW_node_919ee2b6-70ae-45e2-a94d-1e43de67cb45) * (((AX_node_919ee2b6-70ae-45e2-a94d-1e43de67cb45_X^0.35327224283868286) * (NAX_node_919ee2b6-70ae-45e2-a94d-1e43de67cb45_Y)) * (AX_node_919ee2b6-70ae-45e2-a94d-1e43de67cb45_Z^0.0)))) + ((BW_node_eda99889-5286-488d-83aa-21934661ff7c) * (((AX_node_eda99889-5286-488d-83aa-21934661ff7c_X^0.35327224283868286) * (NAX_node_eda99889-5286-488d-83aa-21934661ff7c_Y)) * (AX_node_eda99889-5286-488d-83aa-21934661ff7c_Z^0.0))))@1
working on (c|b, <?,0.1435,0.0000>, c) with size of 1
(zero removed) constructed :: 1.0=((BW_node_74722d07-fa7d-41f1-8cfd-cc71c3c8b074) * (((NAX_node_74722d07-fa7d-41f1-8cfd-cc71c3c8b074_X) * (AX_node_74722d07-fa7d-41f1-8cfd-cc71c3c8b074_Y^0.14352712817906615)) * (AX_node_74722d07-fa7d-41f1-8cfd-cc71c3c8b074_Z^0.0))) / ((((BW_node_74722d07-fa7d-41f1-8cfd-cc71c3c8b074) * (((NAX_node_74722d07-fa7d-41f1-8cfd-cc71c3c8b074_X) * (AX_node_74722d07-fa7d-41f1-8cfd-cc71c3c8b074_Y^0.14352712817906615)) * (AX_node_74722d07-fa7d-41f1-8cfd-cc71c3c8b074_Z^0.0)))) + ((BW_node_28b8fadf-96bf-45f8-847c-d2ea38e84db2) * (((NAX_node_28b8fadf-96bf-45f8-847c-d2ea38e84db2_X) * (AX_node_28b8fadf-96bf-45f8-847c-d2ea38e84db2_Y^0.14352712817906615)) * (AX_node_28b8fadf-96bf-45f8-847c-d2ea38e84db2_Z^0.0))))@1
working on (c|b, <0.2638,?,0.0000>, b) with size of 1
(zero removed) constructed :: 1.0=((BW_node_28b8fadf-96bf-45f8-847c-d2ea38e84db2) * (((AX_node_28b8fadf-96bf-45f8-847c-d2ea38e84db2_X^0.2638408058398191) * (NAX_node_28b8fadf-96bf-45f8-847c-d2ea38e84db2_Y)) * (AX_node_28b8fadf-96bf-45f8-847c-d2ea38e84db2_Z^0.0))) / ((((BW_node_74722d07-fa7d-41f1-8cfd-cc71c3c8b074) * (((AX_node_74722d07-fa7d-41f1-8cfd-cc71c3c8b074_X^0.2638408058398191) * (NAX_node_74722d07-fa7d-41f1-8cfd-cc71c3c8b074_Y)) * (AX_node_74722d07-fa7d-41f1-8cfd-cc71c3c8b074_Z^0.0)))) + ((BW_node_28b8fadf-96bf-45f8-847c-d2ea38e84db2) * (((AX_node_28b8fadf-96bf-45f8-847c-d2ea38e84db2_X^0.2638408058398191) * (NAX_node_28b8fadf-96bf-45f8-847c-d2ea38e84db2_Y)) * (AX_node_28b8fadf-96bf-45f8-847c-d2ea38e84db2_Z^0.0))))@1
working on (c|b, <0.2628,0.1416,0.0000>, c) with size of 1
(zero removed) constructed :: 1.0=((BW_node_74722d07-fa7d-41f1-8cfd-cc71c3c8b074) * (((AX_node_74722d07-fa7d-41f1-8cfd-cc71c3c8b074_X^0.26275226608689506) * (AX_node_74722d07-fa7d-41f1-8cfd-cc71c3c8b074_Y^0.14162829759285317)) * (AX_node_74722d07-fa7d-41f1-8cfd-cc71c3c8b074_Z^0.0))) / ((((BW_node_74722d07-fa7d-41f1-8cfd-cc71c3c8b074) * (((AX_node_74722d07-fa7d-41f1-8cfd-cc71c3c8b074_X^0.26275226608689506) * (AX_node_74722d07-fa7d-41f1-8cfd-cc71c3c8b074_Y^0.14162829759285317)) * (AX_node_74722d07-fa7d-41f1-8cfd-cc71c3c8b074_Z^0.0)))) + ((BW_node_28b8fadf-96bf-45f8-847c-d2ea38e84db2) * (((AX_node_28b8fadf-96bf-45f8-847c-d2ea38e84db2_X^0.26275226608689506) * (AX_node_28b8fadf-96bf-45f8-847c-d2ea38e84db2_Y^0.14162829759285317)) * (AX_node_28b8fadf-96bf-45f8-847c-d2ea38e84db2_Z^0.0))))@1
working on (c|b, <0.7835,0.4147,0.0000>, c) with size of 1
(zero removed) constructed :: 1.0=((BW_node_74722d07-fa7d-41f1-8cfd-cc71c3c8b074) * (((AX_node_74722d07-fa7d-41f1-8cfd-cc71c3c8b074_X^0.7835222494403415) * (AX_node_74722d07-fa7d-41f1-8cfd-cc71c3c8b074_Y^0.41472609427727986)) * (AX_node_74722d07-fa7d-41f1-8cfd-cc71c3c8b074_Z^0.0))) / ((((BW_node_74722d07-fa7d-41f1-8cfd-cc71c3c8b074) * (((AX_node_74722d07-fa7d-41f1-8cfd-cc71c3c8b074_X^0.7835222494403415) * (AX_node_74722d07-fa7d-41f1-8cfd-cc71c3c8b074_Y^0.41472609427727986)) * (AX_node_74722d07-fa7d-41f1-8cfd-cc71c3c8b074_Z^0.0)))) + ((BW_node_28b8fadf-96bf-45f8-847c-d2ea38e84db2) * (((AX_node_28b8fadf-96bf-45f8-847c-d2ea38e84db2_X^0.7835222494403415) * (AX_node_28b8fadf-96bf-45f8-847c-d2ea38e84db2_Y^0.41472609427727986)) * (AX_node_28b8fadf-96bf-45f8-847c-d2ea38e84db2_Z^0.0))))@1
working on (c|b, <0.6387,0.3359,0.0000>, b) with size of 1
(zero removed) constructed :: 1.0=((BW_node_28b8fadf-96bf-45f8-847c-d2ea38e84db2) * (((AX_node_28b8fadf-96bf-45f8-847c-d2ea38e84db2_X^0.6386987613251499) * (AX_node_28b8fadf-96bf-45f8-847c-d2ea38e84db2_Y^0.3359220965671278)) * (AX_node_28b8fadf-96bf-45f8-847c-d2ea38e84db2_Z^0.0))) / ((((BW_node_74722d07-fa7d-41f1-8cfd-cc71c3c8b074) * (((AX_node_74722d07-fa7d-41f1-8cfd-cc71c3c8b074_X^0.6386987613251499) * (AX_node_74722d07-fa7d-41f1-8cfd-cc71c3c8b074_Y^0.3359220965671278)) * (AX_node_74722d07-fa7d-41f1-8cfd-cc71c3c8b074_Z^0.0)))) + ((BW_node_28b8fadf-96bf-45f8-847c-d2ea38e84db2) * (((AX_node_28b8fadf-96bf-45f8-847c-d2ea38e84db2_X^0.6386987613251499) * (AX_node_28b8fadf-96bf-45f8-847c-d2ea38e84db2_Y^0.3359220965671278)) * (AX_node_28b8fadf-96bf-45f8-847c-d2ea38e84db2_Z^0.0))))@1
working on (tau|d, <0.7835,0.4147,0.0000>, tau) with size of 1
(zero removed) constructed :: 1.0=((BW_node_919ee2b6-70ae-45e2-a94d-1e43de67cb45) * (((AX_node_919ee2b6-70ae-45e2-a94d-1e43de67cb45_X^0.7835222494403415) * (AX_node_919ee2b6-70ae-45e2-a94d-1e43de67cb45_Y^0.41472609427727986)) * (AX_node_919ee2b6-70ae-45e2-a94d-1e43de67cb45_Z^0.0))) / ((((BW_node_919ee2b6-70ae-45e2-a94d-1e43de67cb45) * (((AX_node_919ee2b6-70ae-45e2-a94d-1e43de67cb45_X^0.7835222494403415) * (AX_node_919ee2b6-70ae-45e2-a94d-1e43de67cb45_Y^0.41472609427727986)) * (AX_node_919ee2b6-70ae-45e2-a94d-1e43de67cb45_Z^0.0)))) + ((BW_node_eda99889-5286-488d-83aa-21934661ff7c) * (((AX_node_eda99889-5286-488d-83aa-21934661ff7c_X^0.7835222494403415) * (AX_node_eda99889-5286-488d-83aa-21934661ff7c_Y^0.41472609427727986)) * (AX_node_eda99889-5286-488d-83aa-21934661ff7c_Z^0.0))))@1
working on (tau|d, <0.2628,0.1416,0.0000>, tau) with size of 1
(zero removed) constructed :: 1.0=((BW_node_919ee2b6-70ae-45e2-a94d-1e43de67cb45) * (((AX_node_919ee2b6-70ae-45e2-a94d-1e43de67cb45_X^0.26275226608689506) * (AX_node_919ee2b6-70ae-45e2-a94d-1e43de67cb45_Y^0.14162829759285317)) * (AX_node_919ee2b6-70ae-45e2-a94d-1e43de67cb45_Z^0.0))) / ((((BW_node_919ee2b6-70ae-45e2-a94d-1e43de67cb45) * (((AX_node_919ee2b6-70ae-45e2-a94d-1e43de67cb45_X^0.26275226608689506) * (AX_node_919ee2b6-70ae-45e2-a94d-1e43de67cb45_Y^0.14162829759285317)) * (AX_node_919ee2b6-70ae-45e2-a94d-1e43de67cb45_Z^0.0)))) + ((BW_node_eda99889-5286-488d-83aa-21934661ff7c) * (((AX_node_eda99889-5286-488d-83aa-21934661ff7c_X^0.26275226608689506) * (AX_node_eda99889-5286-488d-83aa-21934661ff7c_Y^0.14162829759285317)) * (AX_node_eda99889-5286-488d-83aa-21934661ff7c_Z^0.0))))@1
working on (c|b, <0.0885,?,0.0000>, b) with size of 1
(zero removed) constructed :: 1.0=((BW_node_28b8fadf-96bf-45f8-847c-d2ea38e84db2) * (((AX_node_28b8fadf-96bf-45f8-847c-d2ea38e84db2_X^0.08846094686969924) * (NAX_node_28b8fadf-96bf-45f8-847c-d2ea38e84db2_Y)) * (AX_node_28b8fadf-96bf-45f8-847c-d2ea38e84db2_Z^0.0))) / ((((BW_node_74722d07-fa7d-41f1-8cfd-cc71c3c8b074) * (((AX_node_74722d07-fa7d-41f1-8cfd-cc71c3c8b074_X^0.08846094686969924) * (NAX_node_74722d07-fa7d-41f1-8cfd-cc71c3c8b074_Y)) * (AX_node_74722d07-fa7d-41f1-8cfd-cc71c3c8b074_Z^0.0)))) + ((BW_node_28b8fadf-96bf-45f8-847c-d2ea38e84db2) * (((AX_node_28b8fadf-96bf-45f8-847c-d2ea38e84db2_X^0.08846094686969924) * (NAX_node_28b8fadf-96bf-45f8-847c-d2ea38e84db2_Y)) * (AX_node_28b8fadf-96bf-45f8-847c-d2ea38e84db2_Z^0.0))))@1
working on (tau|d, <0.6191,?,0.0000>, d) with size of 1
(zero removed) constructed :: 1.0=((BW_node_eda99889-5286-488d-83aa-21934661ff7c) * (((AX_node_eda99889-5286-488d-83aa-21934661ff7c_X^0.6191486903083873) * (NAX_node_eda99889-5286-488d-83aa-21934661ff7c_Y)) * (AX_node_eda99889-5286-488d-83aa-21934661ff7c_Z^0.0))) / ((((BW_node_919ee2b6-70ae-45e2-a94d-1e43de67cb45) * (((AX_node_919ee2b6-70ae-45e2-a94d-1e43de67cb45_X^0.6191486903083873) * (NAX_node_919ee2b6-70ae-45e2-a94d-1e43de67cb45_Y)) * (AX_node_919ee2b6-70ae-45e2-a94d-1e43de67cb45_Z^0.0)))) + ((BW_node_eda99889-5286-488d-83aa-21934661ff7c) * (((AX_node_eda99889-5286-488d-83aa-21934661ff7c_X^0.6191486903083873) * (NAX_node_eda99889-5286-488d-83aa-21934661ff7c_Y)) * (AX_node_eda99889-5286-488d-83aa-21934661ff7c_Z^0.0))))@1
working on (tau|d, <0.8573,0.4701,0.0000>, d) with size of 1
(zero removed) constructed :: 1.0=((BW_node_eda99889-5286-488d-83aa-21934661ff7c) * (((AX_node_eda99889-5286-488d-83aa-21934661ff7c_X^0.8573038841759654) * (AX_node_eda99889-5286-488d-83aa-21934661ff7c_Y^0.47011444786036305)) * (AX_node_eda99889-5286-488d-83aa-21934661ff7c_Z^0.0))) / ((((BW_node_919ee2b6-70ae-45e2-a94d-1e43de67cb45) * (((AX_node_919ee2b6-70ae-45e2-a94d-1e43de67cb45_X^0.8573038841759654) * (AX_node_919ee2b6-70ae-45e2-a94d-1e43de67cb45_Y^0.47011444786036305)) * (AX_node_919ee2b6-70ae-45e2-a94d-1e43de67cb45_Z^0.0)))) + ((BW_node_eda99889-5286-488d-83aa-21934661ff7c) * (((AX_node_eda99889-5286-488d-83aa-21934661ff7c_X^0.8573038841759654) * (AX_node_eda99889-5286-488d-83aa-21934661ff7c_Y^0.47011444786036305)) * (AX_node_eda99889-5286-488d-83aa-21934661ff7c_Z^0.0))))@1
constructed equalities...
constructed 13 equalities....
solving equalities...
[1] validating :: {1; 1; 1; 1; 1; 1; 1; 1; 1; 1; 1; 1; 1; 1; 1; 1; 1; 1; 1; 1; 1; 1; 1; 1; 1; 1; 1; 1; 1; 1; 1; 1; 1; 1; 1}
[2] validating :: {1; 1; 1; 1; 1; 1; 1; -0.8245975379; 1.1600598112; 0.3092026811; 4.5909229377; 4.7790824921; 1; 1; 1; 1; 1; 1; 1; 1; 1; 4.4865345896; 489.3554518933; 1; -11.8943763383; 600.1919127593; 1; 1; 1; 486.8464552842; 1; 1; 605.5772047954; 1; 1}
[3] validating :: {1; 1; 1; 1; 1; 1; 1; -0.8245975379; 1.1600598112; 0.3092026811; 4.5909229377; 4.7790824921; 1; 1; 1; 1; 1; 1; 1; 1; 1; 4.4865345896; 127.2225879053; 1; -11.8943763383; 152.7237288965; 1; 1; 1; 124.7135912962; 1; 1; 158.1090209325; 1; 1}
[4] validating :: {1; 1; 1; 1; 1; 1; 1; -0.8245975379; 1.1600598112; 0.3092026811; 4.5909229377; 4.7790824921; 1; 1; 1; 1; 1; 1; 1; 1; 1; 4.4865345896; 34.3744024729; 1; -11.8943763383; 37.9961991913; 1; 1; 1; 31.8654058637; 1; 1; 43.3814912274; 1; 1}
[5] validating :: {1; 1; 1; 1; 1; 1; 1; -0.8245975379; 1.1600598112; 0.3092026811; 4.5909229377; 4.7790824921; 1; 1; 1; 1; 1; 1; 1; 1; 1; 4.4865345896; 9.3664331741; 1; -11.8943763383; 7.0951909785; 1; 1; 1; 6.8574365649; 1; 1; 12.4804830145; 1; 1}
[6] validating :: {1; 1; 1; 1; 1; 1; 1; 0.1630026043; 1.6723776258; -0.0906113145; 0.725073574; 3.5682479341; 1; 1; 1; 1; 1; 1; 1; 1; 1; 3.1420008594; 0.6750160014; 1; -2.5927980906; -0.2262306416; 1; 1; 1; 1.3249839986; 1; 1; 2.2262306416; 1; 1}
[7] validating :: {1; 1; 1; 1; 1; 1; 1; 0.9881004358; 1.3515652659; -0.2913166561; -0.6621338832; 2.4111738252; 1; 1; 1; 1; 1; 1; 1; 1; 1; 1.4344852945; 0.8444406202; 1; 0.9366728017; 0.5972688158; 1; 1; 1; 1.1555593798; 1; 1; 1.4027311842; 1; 1}
[8] validating :: {1; 1; 1; 1; 1; 1; 1; 0.8275929132; 1.826322256; -0.0002156568; 0.0039303377; 2.8285361849; 1; 1; 1.158597553; 0.3583349425; 1; 1; -0.0063331973; 1; 1; 1.4344852945; 0.6360959825; 1; 0.1891301432; 0.2923510779; 1; 1; 0.24943203; 1.354064706; 1; 1; 1.4027311842; 1; 1}
[9] validating :: {1; 1; 1; 1; 1; 1; 1; -0.0447054371; 1.826322256; 0.0007604957; 0.0055462628; 2.8285361849; 1; 1; 1.7816852947; -0.9426677081; 1; 1; -0.0004106302; 1; 1; 2.1430617586; 0.6501501189; 1; -0.7350821944; -0.1231303156; 1; 1; -0.0413854101; 1.3389321559; 1; 1; 2.3946007776; 1; 1}
[10] validating :: {1; 1; 1; 1; 1; 1; 1; 0.6784038049; 1.826322256; 0.0002091774; 0.0046490097; 2.8285361849; 1; 1; 1.2651641934; -0.1022748054; 1; 1; 0.0001042724; 1; 1; 1.5187973886; 0.5003825822; 1; 0.0593586015; 0.2064401584; 1; 1; 0.2148282453; 1.5001917795; 1; 1; 1.6078244329; 1; 1}
[11] validating :: {1; 1; 1; 1; 1; 1; 1; 0.8350634135; 1.826322256; 0.000445137; 0.0040142399; 2.8285361849; 1; 1; 1.1532613316; 0.3071564608; 1; 1; 0.0004456367; 1; 1; 1.4202837425; 0.6018835841; 1; 0.1724255342; 0.2794955875; 1; 1; 0.2552607009; 1.3909023185; 1; 1; 1.4334208137; 1; 1}
[12] validating :: {1; 1; 1; 1; 1; 1; 1; 0.8330899413; 1.826322256; 0.0002772183; 0.0042600891; 2.8285361849; 1; 1; 1.1546903003; 0.1902989499; 1; 1; 0.0002964366; 1; 1; 1.4208043332; 0.5525995479; 1; 0.1448281854; 0.2529773332; 1; 1; 0.2550539833; 1.446242418; 1; 1; 1.4958962946; 1; 1}
[13] validating :: {1; 1; 1; 1; 1; 1; 1; 0.7203435269; 1.826322256; 0.000119688; 0.0046316485; 2.8285362254; 1; 1; 1.2360349723; 0.099267723; 1; 1; 0.0000801962; 1; 1; 1.5072948273; 0.5053789298; 1; 0.0999331711; 0.1996594259; 1; 1; 0.2206696676; 1.5010360273; 1; 1; 1.4958962946; 1; 1}
[14] validating :: {1; 1; 1; 1; 1; 1; 1; 0.417024484; 1.826322256; 0.0000617255; 0.0050278081; 2.8285364086; 1; 1; 1.2360349723; 0.0464293315; 1; 1; -0.0000798536; 1; 1; 1.7100263266; 0.463989318; 1; 0.0066010656; 0.1302330342; 1; 1; 0.1381080028; 1.5505938138; 1; 1; 1.6867271056; 1; 1}
[15] validating :: {1; 1; 1; 1; 1; 1; 1; 0.3694808899; 1.8830843346; 0.0003364959; 0.0051247253; 2.8285364086; 1; 1; 1.2688352214; 0.0393938773; 1; 1; 0.0000930577; 1; 1; 1.7872134758; 0.5555532762; 1; 0.0106326593; 0.0907257173; 1; 1; 0.1130982916; 1.4530709277; 1; 1; 1.6867271056; 1; 1}
[16] validating :: {1; 1; 1; 1; 1; 1; 1; 0.2782428877; 1.8830843346; 0.0001660471; 0.0052570154; 2.8285364086; 1; 1; 1.3364936863; 0.0262681478; 1; 0.7527663009; -0.0000823157; 1; 1; 1.7872134758; 0.6064045882; 1; 0.0057342447; 0.0392396838; 1; 1; 0.05881844; 1.3838698093; 1; 1.8983135448; 1.6867271056; 1; 1}
[17] validating :: {1; 1; 1; 1; 1; 1; 1; 0.2565241641; 1.8830843346; 0.0000499833; 0.0049832244; 2.8285372432; 1; 1; 1.3563134081; 0.0223336966; 1; 0.7527663009; -0.0000227917; 1; 1; 2.1221209393; 0.7041956591; 1; -0.0137378633; -0.0027854526; 1; 1; 0.0097640794; 1.2313456998; 1; 1.8983135448; 1.6867271056; 1; 1}
[18] validating :: {1; 1; 1; 1; 1; 1; 1; 0.2734627469; 1.8830843346; 0.0001375096; 0.0052443891; 2.8285369716; 1; 1; 1.34085587; 0.0258925291; 1; 0.7527663009; 0.0001473189; 1; 1; 1.809239558; 0.5891281417; 1; 0.0028395768; 0.0394774972; 1; 1; 0.0555922492; 1.4108157725; 1; 1.8983135448; 1.6867271056; 1; 1}
[19] validating :: {1; 1; 1; 1; 1; 1; 1; 0.2684084209; 1.8830843346; 0.0000875872; 0.0052214932; 2.8285369716; 1; 1; 1.3454988258; 0.0243770669; 1; 0.791725841; 0.0000175578; 1; 1; 1.809239558; 0.6438309879; 1; 0.0015892343; 0.0317830392; 1; 1; 0.0425512341; 1.4108157725; 1; 2.1133669873; 1.7773667606; 1; 1}
[20] validating :: {1; 1; 1; 1; 1; 1; 1; 0.2645185477; 1.8830843346; 0.0002443276; 0.005158014; 2.8285377663; 1; 1; 1.3454988258; 0.0220481489; 1; 0.8939782301; 0.0000339899; 1; 1; 1.9497522472; 0.7050849192; 1; -0.0001117046; 0.0196904413; 1; 1; 0.027925661; 1.4108157725; 1; 2.1133669873; 1.9499683539; 1; 1}
[21] validating :: {1; 1; 1; 1; 1; 1; 1; 0.2624165404; 1.8830843346; 0.0000800076; 0.0049706595; 2.8285385834; 1; 1; 1.3454988258; 0.0180691555; 1; 1.1580012344; 0.0000226309; 1; 1; 1.9497522472; 0.8378712817; 1; -0.0005014461; 0.0024603204; 1; 1; 0.0077413134; 1.1746066613; 1; 2.9871734266; 1.9499683539; 1; 1}
[22] validating :: {1; 1; 1; 1; 1; 1; 1; 0.2637308849; 1.8830843346; 0.0002001606; 0.0051401116; 2.8285383971; 1; 1; 1.3454988258; 0.0217160193; 1; 0.9192065836; 0.000131466; 1; 1; 1.9497522472; 0.7156698534; 1; 0.0003737638; 0.0183804981; 1; 1; 0.0260026082; 1.3919865957; 1; 2.2235136678; 1.9499683539; 1; 1}
[23] validating :: {1; 1; 1; 1; 1; 1; 1; 0.2617943632; 1.8830843346; 0.0001397246; 0.005094659; 2.8285384478; 1; 1; 1.3473275648; 0.02130725; 1; 0.9192065836; 0.0000192823; 1; 1; 1.9971220147; 0.7378246482; 1; 0.0002204374; 0.0151975873; 1; 1; 0.0226995516; 1.3514434488; 1; 2.2235136678; 1.9499683539; 1; 1}
[24] validating :: {1; 1; 1; 1; 1; 1; 1; 0.2623381452; 1.8830843346; 0.0000760855; 0.0050214171; 2.8285384478; 1; 1; 1.3468113611; 0.0200480307; 1; 1.0183545393; 0.0000454743; 1; 1; 2.0863210707; 0.7798254752; 1; 0.0000512525; 0.0100355295; 1; 1; 0.0171159989; 1.269825594; 1; 2.2235136678; 1.9499683539; 1; 1}
[25] validating :: {1; 1; 1; 1; 1; 1; 1; 0.2618147169; 1.8830843346; 0.0001286767; 0.0050868632; 2.8285384478; 1; 1; 1.3473082434; 0.0211930713; 1; 0.9297597535; 0.000236522; 1; 1; 2.0082748884; 0.7459386593; 1; 0.0002105208; 0.0146385031; 1; 1; 0.0220014202; 1.3356759454; 1; 2.2235136678; 1.9499683539; 1; 1}
[26] validating :: {1; 1; 1; 1; 1; 1; 1; 0.2613084961; 1.8830843346; 0.0001089899; 0.0050667422; 2.8285385844; 1; 1; 1.347788835; 0.0210423043; 1; 0.9297597535; 0.0000702142; 1; 1; 2.0268747359; 0.7542994904; 1; 0.0001749458; 0.0135627708; 1; 1; 0.0208715758; 1.3190562328; 1; 2.2235136678; 1.9499683539; 1; 1}
[27] validating :: {1; 1; 1; 1; 1; 1; 1; 0.2603195664; 1.8868221921; 0.0000802803; 0.0050228685; 2.8285385844; 1; 1; 1.3487288319; 0.0208282597; 1; 0.9297597535; 0.0000860812; 1; 1; 2.0633504251; 0.7701329286; 1; 0.0001152869; 0.0116428487; 1; 1; 0.0187459967; 1.2868286459; 1; 2.2235136678; 1.9499683539; 1; 1}
[28] validating :: {1; 1; 1; 1; 1; 1; 1; 0.2593683272; 1.8868221921; 0.0002934068; 0.0049311057; 2.8285385844; 1; 1; 1.3496354952; 0.0204842319; 1; 0.9297597535; 0.000046696; 1; 1; 2.1383226255; 0.8036747609; 1; 0.0000375837; 0.0087868961; 1; 1; 0.0147335952; 1.2153783868; 1; 2.2235136678; 2.0506861818; 1; 1}
[29] validating :: {1; 1; 1; 1; 1; 1; 1; 0.2601897672; 1.8868221921; 0.000466771; 0.005013963; 2.8285385844; 1; 1; 1.3488525486; 0.0207872697; 1; 0.9297597535; 0.0002571757; 1; 1; 2.0721327708; 0.7759267152; 1; 0.0001100397; 0.0113250752; 1; 1; 0.0182759786; 1.2744868171; 1; 2.2235136678; 1.9611749326; 1; 1}
[30] validating :: {1; 1; 1; 1; 1; 1; 1; 0.2599424968; 1.8868221921; 0.0004065611; 0.0049951007; 2.8285385844; 1; 1; 1.3490883184; 0.0207080704; 1; 0.9297597535; 0.0000865466; 1; 1; 2.0721327708; 0.7846335555; 1; 0.0000959096; 0.0107367611; 1; 1; 0.0174033702; 1.2556191594; 1; 2.276014786; 1.9824472518; 1; 1}
[31] validating :: {1; 1; 1; 1; 1; 1; 1; 0.2601642782; 1.8868221921; 0.0004599476; 0.0050120984; 2.8285385844; 1; 1; 1.3488768521; 0.0207788278; 1; 0.9297597535; 0.0002149054; 1; 1; 2.0721327708; 0.776823004; 1; 0.0001086905; 0.0112624129; 1; 1; 0.0181894012; 1.2725445659; 1; 2.2285267557; 1.9634406842; 1; 1}
[32] validating :: {1; 1; 1; 1; 1; 1; 1; 0.2601119779; 1.8868221921; 0.0004464387; 0.0050082742; 2.8285386308; 1; 1; 1.3489267236; 0.020762032; 1; 0.9297597535; 0.000153346; 1; 1; 2.0721327708; 0.7785179936; 1; 0.0001057783; 0.0111401862; 1; 1; 0.0180157241; 1.2688616809; 1; 2.2285267557; 1.9678778439; 1; 1}
[33] validating :: {1; 1; 1; 1; 1; 1; 1; 0.2599979452; 1.8873640216; 0.0004209896; 0.0050004987; 2.8285386308; 1; 1; 1.3490354766; 0.0207313658; 1; 0.9297597535; 0.000085044; 1; 1; 2.0782808009; 0.7811834454; 1; 0.0000997109; 0.0108847049; 1; 1; 0.0176985572; 1.2630406855; 1; 2.2285267557; 1.9678778439; 1; 1}
[34] validating :: {1; 1; 1; 1; 1; 1; 1; 0.260101483; 1.8868805396; 0.0004437543; 0.0050075065; 2.8285386308; 1; 1; 1.3489367326; 0.0207587297; 1; 0.9297597535; 0.0001419524; 1; 1; 2.0727825374; 0.7788311999; 1; 0.0001051955; 0.011115634; 1; 1; 0.0179822037; 1.2681776796; 1; 2.2285267557; 1.9678778439; 1; 1}
[35] validating :: {1; 1; 1; 1; 1; 1; 1; 0.2600805693; 1.8868805396; 0.0004384223; 0.005005961; 2.8285386406; 1; 1; 1.3489566788; 0.0207521288; 1; 0.9297597535; 0.0001222254; 1; 1; 2.0727825374; 0.7794655307; 1; 0.0001040421; 0.0110660192; 1; 1; 0.0179149287; 1.2667910801; 1; 2.2329991854; 1.9678778439; 1; 1}
[36] validating :: {1; 1; 1; 1; 1; 1; 1; 0.2600394414; 1.8868805396; 0.000428016; 0.0050028625; 2.8285386534; 1; 1; 1.348995906; 0.0207390904; 1; 0.9297597535; 0.0000923974; 1; 1; 2.0727825374; 0.7807335915; 1; 0.0001017122; 0.0109707638; 1; 1; 0.0177795935; 1.2640138999; 1; 2.2329991854; 1.971388399; 1; 1}
[37] validating :: {1; 1; 1; 1; 1; 1; 1; 0.2599606638; 1.8868805396; 0.0004081841; 0.0049966386; 2.8285389975; 1; 1; 1.3490710517; 0.0207135775; 1; 0.9297597535; 0.0003038948; 1; 1; 2.0777300165; 0.7828432394; 1; 0.0000969714; 0.0107713684; 1; 1; 0.017527554; 1.2593758753; 1; 2.2329991854; 1.971388399; 1; 1}
[38] validating :: {1; 1; 1; 1; 1; 1; 1; 0.2600314752; 1.8868805396; 0.0004259455; 0.0050022422; 2.8285387065; 1; 1; 1.349003505; 0.0207364872; 1; 0.9297597535; 0.0004697086; 1; 1; 2.0733012899; 0.7809748905; 1; 0.0001012505; 0.0109516349; 1; 1; 0.0177531667; 1.2634834082; 1; 2.2329991854; 1.971388399; 1; 1}
[39] validating :: {1; 1; 1; 1; 1; 1; 1; 0.260015533; 1.8868805396; 0.0004218296; 0.0050009957; 2.8285387953; 1; 1; 1.3490187125; 0.0207312923; 1; 0.9297597535; 0.0004158581; 1; 1; 2.0733012899; 0.7814671668; 1; 0.0001003401; 0.0109130379; 1; 1; 0.0177000589; 1.2624003581; 1; 2.2366586048; 1.971388399; 1; 1}
[40] validating :: {1; 1; 1; 1; 1; 1; 1; 0.2599839931; 1.8868805396; 0.000413758; 0.0049984976; 2.8285389202; 1; 1; 1.3490488003; 0.0207210093; 1; 0.9297597535; 0.0003302872; 1; 1; 2.0753180983; 0.7823599907; 1; 0.0000984954; 0.0108338469; 1; 1; 0.0175977629; 1.2604331448; 1; 2.2366586048; 1.971388399; 1; 1}
[41] validating :: {1; 1; 1; 1; 1; 1; 1; 0.2600123762; 1.8868805396; 0.0004210081; 0.0050007463; 2.8285388106; 1; 1; 1.349021724; 0.0207302542; 1; 0.9297597535; 0.0004053581; 1; 1; 2.0735093538; 0.7815648291; 1; 0.0001001597; 0.010905311; 1; 1; 0.0176895055; 1.2621851729; 1; 2.2366586048; 1.971388399; 1; 1}
[42] validating :: {1; 1; 1; 1; 1; 1; 1; 0.2600060697; 1.8868805396; 0.0004193717; 0.0050002472; 2.8285388106; 1; 1; 1.3490277402; 0.020728183; 1; 0.9297597535; 0.0003853913; 1; 1; 2.0739233631; 0.7817564138; 1; 0.0000997961; 0.0108898908; 1; 1; 0.0176685175; 1.2617629179; 1; 2.2366586048; 1.9719639463; 1; 1}
[43] validating :: {1; 1; 1; 1; 1; 1; 1; 0.2600117461; 1.8868805396; 0.0004208439; 0.0050006964; 2.8285388106; 1; 1; 1.3490223251; 0.0207300466; 1; 0.9297597535; 0.0004032689; 1; 1; 2.0735509111; 0.7815842731; 1; 0.0001001236; 0.010903767; 1; 1; 0.0176873988; 1.2621423181; 1; 2.2366586048; 1.971446026; 1; 1}
[44] validating :: {1; 1; 1; 1; 1; 1; 1; 0.260010451; 1.8868805396; 0.0004205066; 0.0050005938; 2.8285388166; 1; 1; 1.3490235606; 0.0207296201; 1; 0.9297597535; 0.0003990192; 1; 1; 2.0736361249; 0.7816239559; 1; 0.0001000493; 0.0109005874; 1; 1; 0.0176830793; 1.2620548516; 1; 2.2366586048; 1.971446026; 1; 1}
[45] validating :: {1; 1; 1; 1; 1; 1; 1; 0.2600078617; 1.8868805396; 0.000419833; 0.0050003887; 2.8285388166; 1; 1; 1.3490260307; 0.0207287679; 1; 0.9297597535; 0.0003906968; 1; 1; 2.0738062045; 0.7817027; 1; 0.0000999001; 0.0108942345; 1; 1; 0.01767446; 1.2618812676; 1; 2.2366586048; 1.9716832484; 1; 1}
[46] validating :: {1; 1; 1; 1; 1; 1; 1; 0.2600101921; 1.8868805396; 0.0004204391; 0.0050005733; 2.8285388166; 1; 1; 1.3490238075; 0.0207295348; 1; 0.9297597535; 0.000398171; 1; 1; 2.0736531589; 0.7816318784; 1; 0.0001000344; 0.0108999518; 1; 1; 0.0176822161; 1.2620373872; 1; 2.2366586048; 1.971469762; 1; 1}
[47] validating :: {1; 1; 1; 1; 1; 1; 1; 0.2600096596; 1.8868805396; 0.0004203003; 0.0050005311; 2.8285388191; 1; 1; 1.3490243155; 0.0207293593; 1; 0.9297597535; 0.0003964334; 1; 1; 2.0736531589; 0.7816481865; 1; 0.0001000038; 0.0108986448; 1; 1; 0.0176804393; 1.2620014365; 1; 2.2366586048; 1.9715185669; 1; 1}
[48] validating :: {1; 1; 1; 1; 1; 1; 1; 0.2600085947; 1.8868805396; 0.000420023; 0.0050004467; 2.8285388239; 1; 1; 1.3490253314; 0.0207290085; 1; 0.9297597535; 0.0003929883; 1; 1; 2.0737231454; 0.7816806227; 1; 0.0000999425; 0.0108960272; 1; 1; 0.017676893; 1.2619299287; 1; 2.2366586048; 1.9715185669; 1; 1}
[49] validating :: {1; 1; 1; 1; 1; 1; 1; 0.2600095531; 1.8868805396; 0.0004202726; 0.0050005227; 2.8285388195; 1; 1; 1.3490244171; 0.0207293242; 1; 0.9297597535; 0.0003960862; 1; 1; 2.0736601695; 0.7816514459; 1; 0.0000999977; 0.0108983834; 1; 1; 0.0176800841; 1.261994251; 1; 2.2366586048; 1.9715185669; 1; 1}
[50] validating :: {1; 1; 1; 1; 1; 1; 1; 0.260009649; 1.8868805396; 0.0004202976; 0.0050005303; 2.8285388191; 1; 1; 1.3490243257; 0.0207293558; 1; 0.9297597535; 0.0003963987; 1; 1; 2.0736538601; 0.7816485126; 1; 0.0001000032; 0.0108986187; 1; 1; 0.0176804038; 1.2620007176; 1; 2.2366586048; 1.9715185669; 1; 1}
[51] validating :: {1; 1; 1; 1; 1; 1; 1; 0.2600096277; 1.8868806638; 0.000420292; 0.0050005286; 2.8285388191; 1; 1; 1.349024346; 0.0207293488; 1; 0.9297597535; 0.0003963292; 1; 1; 2.0736552624; 0.7816491647; 1; 0.000100002; 0.0108985664; 1; 1; 0.0176803327; 1.26199928; 1; 2.2366586048; 1.9715185669; 1; 1}
[52] validating :: {1; 1; 1; 1; 1; 1; 1; 0.2600095851; 1.8868806638; 0.0004202809; 0.0050005252; 2.8285388193; 1; 1; 1.3490243866; 0.0207293347; 1; 0.9297597535; 0.0003961902; 1; 1; 2.0736580669; 0.7816504687; 1; 0.0000999995; 0.0108984619; 1; 1; 0.0176801906; 1.2619964052; 1; 2.2366586048; 1.9715185669; 1; 1}
[53] validating :: {1; 1; 1; 1; 1; 1; 1; 0.2600096234; 1.8868806638; 0.0004202909; 0.0050005282; 2.8285388191; 1; 1; 1.3490243501; 0.0207293474; 1; 0.9297597535; 0.0003963153; 1; 1; 2.0736555428; 0.7816492952; 1; 0.0001000017; 0.010898556; 1; 1; 0.0176803185; 1.2619989925; 1; 2.2366586048; 1.9715185669; 1; 1}
[54] validating :: {1; 1; 1; 1; 1; 1; 1; 0.2600096149; 1.8868806638; 0.0004202887; 0.0050005276; 2.8285388191; 1; 1; 1.3490243582; 0.0207293445; 1; 0.9297597535; 0.0003962875; 1; 1; 2.0736561038; 0.781649556; 1; 0.0001000012; 0.010898535; 1; 1; 0.0176802901; 1.2619984174; 1; 2.2366586048; 1.9715193478; 1; 1}
[55] validating :: {1; 1; 1; 1; 1; 1; 1; 0.2600095974; 1.8868806638; 0.0004202841; 0.0050005262; 2.8285388192; 1; 1; 1.3490243749; 0.0207293388; 1; 0.9297597535; 0.0003962304; 1; 1; 2.073657257; 0.7816500922; 1; 0.0001000002; 0.0108984921; 1; 1; 0.0176802317; 1.2619972353; 1; 2.2366586048; 1.9715193478; 1; 1}
[56] validating :: {1; 1; 1; 1; 1; 1; 1; 0.2600095624; 1.8868806638; 0.000420275; 0.0050005234; 2.8285388194; 1; 1; 1.3490244083; 0.0207293272; 1; 0.9297597535; 0.0003961161; 1; 1; 2.0736595632; 0.7816511644; 1; 0.0000999982; 0.0108984061; 1; 1; 0.0176801148; 1.2619948715; 1; 2.2366586048; 1.9715193478; 1; 1}
[57] validating :: {1; 1; 1; 1; 1; 1; 1; 0.2600095939; 1.8868806638; 0.0004202832; 0.0050005259; 2.8285388192; 1; 1; 1.3490243782; 0.0207293376; 1; 0.9297597535; 0.0003962189; 1; 1; 2.0736574876; 0.7816501994; 1; 0.0001; 0.0108984835; 1; 1; 0.01768022; 1.2619969989; 1; 2.2366586048; 1.9715193478; 1; 1}
[58] validating :: {1; 1; 1; 1; 1; 1; 1; 0.2600095869; 1.8868807047; 0.0004202814; 0.0050005253; 2.8285388192; 1; 1; 1.3490243849; 0.0207293353; 1; 0.9297597535; 0.0003961961; 1; 1; 2.0736579489; 0.7816504139; 1; 0.0000999996; 0.0108984663; 1; 1; 0.0176801966; 1.2619965261; 1; 2.2366586048; 1.9715193478; 1; 1}
[59] validating :: {1; 1; 1; 1; 1; 1; 1; 0.2600095932; 1.8868806679; 0.000420283; 0.0050005258; 2.8285388192; 1; 1; 1.3490243789; 0.0207293374; 1; 0.9297597535; 0.0003962166; 1; 1; 2.0736575337; 0.7816502209; 1; 0.0001; 0.0108984817; 1; 1; 0.0176802176; 1.2619969516; 1; 2.2366586048; 1.9715193478; 1; 1}
[60] validating :: {1; 1; 1; 1; 1; 1; 1; 0.2600095938; 1.8868806642; 0.0004202832; 0.0050005259; 2.8285388192; 1; 1; 1.3490243783; 0.0207293376; 1; 0.9297597535; 0.0003962187; 1; 1; 2.0736574922; 0.7816502016; 1; 0.0001; 0.0108984833; 1; 1; 0.0176802197; 1.2619969941; 1; 2.2366586048; 1.9715193478; 1; 1}
[61] validating :: {1; 1; 1; 1; 1; 1; 1; 0.2600095937; 1.8868806642; 0.0004202832; 0.0050005259; 2.8285388192; 1; 1; 1.3490243784; 0.0207293376; 1; 0.9297597535; 0.0003962182; 1; 1; 2.0736575014; 0.7816502059; 1; 0.0001; 0.0108984829; 1; 1; 0.0176802193; 1.2619969847; 1; 2.2366586048; 1.9715193478; 1; 1}
[62] validating :: {1; 1; 1; 1; 1; 1; 1; 0.2600095934; 1.8868806642; 0.0004202831; 0.0050005259; 2.8285388192; 1; 1; 1.3490243787; 0.0207293375; 1; 0.9297597535; 0.0003962173; 1; 1; 2.0736575199; 0.7816502145; 1; 0.0001; 0.0108984823; 1; 1; 0.0176802183; 1.2619969658; 1; 2.2366586702; 1.9715193478; 1; 1}
[63] validating :: {1; 1; 1; 1; 1; 1; 1; 0.2600095936; 1.8868806642; 0.0004202832; 0.0050005259; 2.8285388192; 1; 1; 1.3490243785; 0.0207293375; 1; 0.9297597535; 0.0003962182; 1; 1; 2.0736575033; 0.7816502067; 1; 0.0001; 0.0108984829; 1; 1; 0.0176802192; 1.2619969828; 1; 2.2366586114; 1.9715193478; 1; 1}
[64] validating :: {1; 1; 1; 1; 1; 1; 1; 0.2600095936; 1.8868806642; 0.0004202831; 0.0050005259; 2.8285388192; 1; 1; 1.3490243785; 0.0207293375; 1; 0.9297597535; 0.000396218; 1; 1; 2.073657507; 0.7816502085; 1; 0.0001; 0.0108984827; 1; 1; 0.017680219; 1.2619969828; 1; 2.2366586244; 1.9715193529; 1; 1}
[65] validating :: {1; 1; 1; 1; 1; 1; 1; 0.2600095935; 1.8868806649; 0.0004202831; 0.0050005259; 2.8285388192; 1; 1; 1.3490243786; 0.0207293375; 1; 0.9297597535; 0.0003962176; 1; 1; 2.0736575145; 0.781650212; 1; 0.0001; 0.0108984825; 1; 1; 0.0176802186; 1.2619969828; 1; 2.2366586244; 1.9715193634; 1; 1}
[66] validating :: {1; 1; 1; 1; 1; 1; 1; 0.2600095932; 1.8868806649; 0.0004202831; 0.0050005258; 2.8285388192; 1; 1; 1.3490243788; 0.0207293374; 1; 0.9297597535; 0.0003962168; 1; 1; 2.0736575145; 0.781650219; 1; 0.0001; 0.0108984819; 1; 1; 0.0176802178; 1.2619969828; 1; 2.2366586782; 1.9715193846; 1; 1}
[67] validating :: {1; 1; 1; 1; 1; 1; 1; 0.2600095934; 1.8868806649; 0.0004202831; 0.0050005259; 2.8285388192; 1; 1; 1.3490243786; 0.0207293375; 1; 0.9297597535; 0.0003962175; 1; 1; 2.0736575145; 0.7816502127; 1; 0.0001; 0.0108984824; 1; 1; 0.0176802185; 1.2619969828; 1; 2.2366586298; 1.9715193656; 1; 1}
equalities solved...
Solved variable : BW_node_567776ad-83bf-4304-8dd3-02e190d5fc24 as : 1.0
Solved variable : AX_node_567776ad-83bf-4304-8dd3-02e190d5fc24_X as : 1.0
Solved variable : NAX_node_567776ad-83bf-4304-8dd3-02e190d5fc24_X as : 1.0
Solved variable : AX_node_567776ad-83bf-4304-8dd3-02e190d5fc24_Y as : 1.0
Solved variable : NAX_node_567776ad-83bf-4304-8dd3-02e190d5fc24_Y as : 1.0
Solved variable : AX_node_567776ad-83bf-4304-8dd3-02e190d5fc24_Z as : 1.0
Solved variable : NAX_node_567776ad-83bf-4304-8dd3-02e190d5fc24_Z as : 1.0
Solved variable : BW_node_28b8fadf-96bf-45f8-847c-d2ea38e84db2 as : 0.2600095934475728
Solved variable : AX_node_28b8fadf-96bf-45f8-847c-d2ea38e84db2_X as : 1.8868806648884031
Solved variable : NAX_node_28b8fadf-96bf-45f8-847c-d2ea38e84db2_X as : 4.202831042219259E-4
Solved variable : AX_node_28b8fadf-96bf-45f8-847c-d2ea38e84db2_Y as : 0.005000525857650207
Solved variable : NAX_node_28b8fadf-96bf-45f8-847c-d2ea38e84db2_Y as : 2.828538819228943
Solved variable : AX_node_28b8fadf-96bf-45f8-847c-d2ea38e84db2_Z as : 1.0
Solved variable : NAX_node_28b8fadf-96bf-45f8-847c-d2ea38e84db2_Z as : 1.0
Solved variable : BW_node_74722d07-fa7d-41f1-8cfd-cc71c3c8b074 as : 1.349024378636443
Solved variable : AX_node_74722d07-fa7d-41f1-8cfd-cc71c3c8b074_X as : 0.020729337478780304
Solved variable : NAX_node_74722d07-fa7d-41f1-8cfd-cc71c3c8b074_X as : 1.0
Solved variable : AX_node_74722d07-fa7d-41f1-8cfd-cc71c3c8b074_Y as : 0.9297597534933956
Solved variable : NAX_node_74722d07-fa7d-41f1-8cfd-cc71c3c8b074_Y as : 3.962175223993574E-4
Solved variable : AX_node_74722d07-fa7d-41f1-8cfd-cc71c3c8b074_Z as : 1.0
Solved variable : NAX_node_74722d07-fa7d-41f1-8cfd-cc71c3c8b074_Z as : 1.0
Solved variable : BW_node_919ee2b6-70ae-45e2-a94d-1e43de67cb45 as : 2.073657514528032
Solved variable : AX_node_919ee2b6-70ae-45e2-a94d-1e43de67cb45_X as : 0.7816502126737274
Solved variable : NAX_node_919ee2b6-70ae-45e2-a94d-1e43de67cb45_X as : 1.0
Solved variable : AX_node_919ee2b6-70ae-45e2-a94d-1e43de67cb45_Y as : 1.0000000085281212E-4
Solved variable : NAX_node_919ee2b6-70ae-45e2-a94d-1e43de67cb45_Y as : 0.010898482398103109
Solved variable : AX_node_919ee2b6-70ae-45e2-a94d-1e43de67cb45_Z as : 1.0
Solved variable : NAX_node_919ee2b6-70ae-45e2-a94d-1e43de67cb45_Z as : 1.0
Solved variable : BW_node_eda99889-5286-488d-83aa-21934661ff7c as : 0.017680218529544055
Solved variable : AX_node_eda99889-5286-488d-83aa-21934661ff7c_X as : 1.2619969827972795
Solved variable : NAX_node_eda99889-5286-488d-83aa-21934661ff7c_X as : 1.0
Solved variable : AX_node_eda99889-5286-488d-83aa-21934661ff7c_Y as : 2.236658629812354
Solved variable : NAX_node_eda99889-5286-488d-83aa-21934661ff7c_Y as : 1.971519365562508
Solved variable : AX_node_eda99889-5286-488d-83aa-21934661ff7c_Z as : 1.0
Solved variable : NAX_node_eda99889-5286-488d-83aa-21934661ff7c_Z as : 1.0
creating slpned...
{X=0, Y=1, Z=2}
returning slpned...
but not before exporting visualisation data.
finished exporting sample data.
]]></system-out>
  <system-err><![CDATA[]]></system-err>
</testsuite>
