<?xml version="1.0" encoding="UTF-8" ?>
<testsuite errors="0" failures="0" hostname="SEF-PA00146893" name="org.processmining.qut.exogenousaware.data.graphs.followrelations.FollowGraphTest" skipped="0" tests="2" time="0.173" timestamp="2023-11-10T06:54:13">
  <properties>
    <property name="java.vendor" value="Red Hat, Inc." />
    <property name="dir.coveragereport.xml" value="C:\Users\n7176546\eclipse-workspace\ExogenousData\tests\cover-xml" />
    <property name="home" value="C:\Users\n7176546\eclipse-workspace\ExogenousData" />
    <property name="dir.testfiles" value="C:\Users\n7176546\eclipse-workspace\ExogenousData\tests\testfiles" />
    <property name="sun.java.launcher" value="SUN_STANDARD" />
    <property name="sun.management.compiler" value="HotSpot 64-Bit Tiered Compilers" />
    <property name="os.name" value="Windows 10" />
    <property name="sun.boot.class.path" value="C:\Users\n7176546\java\java-1.8.0-openjdk_x86_64\jre\lib\resources.jar;C:\Users\n7176546\java\java-1.8.0-openjdk_x86_64\jre\lib\rt.jar;C:\Users\n7176546\java\java-1.8.0-openjdk_x86_64\jre\lib\sunrsasign.jar;C:\Users\n7176546\java\java-1.8.0-openjdk_x86_64\jre\lib\jsse.jar;C:\Users\n7176546\java\java-1.8.0-openjdk_x86_64\jre\lib\jce.jar;C:\Users\n7176546\java\java-1.8.0-openjdk_x86_64\jre\lib\charsets.jar;C:\Users\n7176546\java\java-1.8.0-openjdk_x86_64\jre\lib\jfr.jar;C:\Users\n7176546\java\java-1.8.0-openjdk_x86_64\jre\classes" />
    <property name="sun.desktop" value="windows" />
    <property name="test.basedir" value="C:\Users\n7176546\eclipse-workspace\ExogenousData\tests" />
    <property name="java.vm.specification.vendor" value="Oracle Corporation" />
    <property name="net.sourceforge.cobertura.datafile" value="C:\Users\n7176546\eclipse-workspace\ExogenousData\tests\cobertura.ser" />
    <property name="ant.home" value="C:/Users/n7176546/java/apache-ant-1.10.14-bin/apache-ant-1.10.14" />
    <property name="java.runtime.version" value="1.8.0_282-b08" />
    <property name="user.name" value="n7176546" />
    <property name="dir.test-instrument" value="C:\Users\n7176546\eclipse-workspace\ExogenousData\tests\bin-test-instrument" />
    <property name="user.language" value="en" />
    <property name="cobertura.datafile" value="C:\Users\n7176546\eclipse-workspace\ExogenousData\tests\cobertura.ser" />
    <property name="sun.boot.library.path" value="C:\Users\n7176546\java\java-1.8.0-openjdk_x86_64\jre\bin" />
    <property name="ant.project.default-target" value="check" />
    <property name="ant.file.ExogenousData.test" value="C:\Users\n7176546\eclipse-workspace\ExogenousData\tests\build.xml" />
    <property name="ant.project.name" value="ExogenousData.test" />
    <property name="java.version" value="1.8.0_282" />
    <property name="user.timezone" value="" />
    <property name="bin" value="C:\Users\n7176546\eclipse-workspace\ExogenousData\bindist" />
    <property name="sun.arch.data.model" value="64" />
    <property name="java.endorsed.dirs" value="C:\Users\n7176546\java\java-1.8.0-openjdk_x86_64\jre\lib\endorsed" />
    <property name="sun.cpu.isalist" value="amd64" />
    <property name="sun.jnu.encoding" value="Cp1252" />
    <property name="file.encoding.pkg" value="sun.io" />
    <property name="file.separator" value="\" />
    <property name="java.specification.name" value="Java Platform API Specification" />
    <property name="java.class.version" value="52.0" />
    <property name="src" value="C:\Users\n7176546\eclipse-workspace\ExogenousData\src" />
    <property name="user.country" value="AU" />
    <property name="java.home" value="C:\Users\n7176546\java\java-1.8.0-openjdk_x86_64\jre" />
    <property name="java.vm.info" value="mixed mode" />
    <property name="ant.file" value="C:\Users\n7176546\eclipse-workspace\ExogenousData\tests\build.xml" />
    <property name="os.version" value="10.0" />
    <property name="path.separator" value=";" />
    <property name="dir.coveragereport.html" value="C:\Users\n7176546\eclipse-workspace\ExogenousData\tests\cover-html" />
    <property name="java.vm.version" value="25.282-b08" />
    <property name="user.variant" value="" />
    <property name="ant.library.dir" value="C:/Users/n7176546/java/apache-ant-1.10.14-bin/apache-ant-1.10.14/lib" />
    <property name="ant.file.type.ExogenousData.test" value="file" />
    <property name="java.awt.printerjob" value="sun.awt.windows.WPrinterJob" />
    <property name="sun.io.unicode.encoding" value="UnicodeLittle" />
    <property name="awt.toolkit" value="sun.awt.windows.WToolkit" />
    <property name="sun.stdout.encoding" value="cp850" />
    <property name="user.script" value="" />
    <property name="user.home" value="C:\Users\n7176546" />
    <property name="java.specification.vendor" value="Oracle Corporation" />
    <property name="java.library.path" value=".//lib" />
    <property name="java.vendor.url" value="https://developers.redhat.com/" />
    <property name="java.vm.vendor" value="Red Hat, Inc." />
    <property name="java.runtime.name" value="OpenJDK Runtime Environment" />
    <property name="sun.java.command" value="org.apache.tools.ant.taskdefs.optional.junit.JUnitTestRunner org.processmining.qut.exogenousaware.data.graphs.followrelations.FollowGraphTest skipNonTests=false filtertrace=true haltOnError=false haltOnFailure=false showoutput=false outputtoformatters=true logfailedtests=true threadid=0 logtestlistenerevents=false formatter=org.apache.tools.ant.taskdefs.optional.junit.XMLJUnitResultFormatter,C:\Users\n7176546\eclipse-workspace\ExogenousData\tests\TEST-org.processmining.qut.exogenousaware.data.graphs.followrelations.FollowGraphTest.xml crashfile=C:\Users\n7176546\eclipse-workspace\ExogenousData\tests\junitvmwatcher8241893207176004497.properties propsfile=C:\Users\n7176546\eclipse-workspace\ExogenousData\tests\junit5995406632233502474.properties" />
    <property name="java.class.path" value="C:\Users\n7176546\eclipse-workspace\ExogenousData\tests\bin-test-instrument;C:\Users\n7176546\eclipse-workspace\ExogenousData\tests\libs-external\cobertura-2.1.1.jar;C:\Users\n7176546\eclipse-workspace\ExogenousData\tests\libs-external\lib-cobertura-2.1.1\asm-5.0.1.jar;C:\Users\n7176546\eclipse-workspace\ExogenousData\tests\libs-external\lib-cobertura-2.1.1\asm-analysis-5.0.1.jar;C:\Users\n7176546\eclipse-workspace\ExogenousData\tests\libs-external\lib-cobertura-2.1.1\asm-commons-5.0.1.jar;C:\Users\n7176546\eclipse-workspace\ExogenousData\tests\libs-external\lib-cobertura-2.1.1\asm-tree-5.0.1.jar;C:\Users\n7176546\eclipse-workspace\ExogenousData\tests\libs-external\lib-cobertura-2.1.1\asm-util-5.0.1.jar;C:\Users\n7176546\eclipse-workspace\ExogenousData\tests\libs-external\lib-cobertura-2.1.1\commons-lang3-3.3.2.jar;C:\Users\n7176546\eclipse-workspace\ExogenousData\tests\libs-external\lib-cobertura-2.1.1\hamcrest-core-1.3.jar;C:\Users\n7176546\eclipse-workspace\ExogenousData\tests\libs-external\lib-cobertura-2.1.1\jaxen-1.1.4.jar;C:\Users\n7176546\eclipse-workspace\ExogenousData\tests\libs-external\lib-cobertura-2.1.1\jetty-6.1.14.jar;C:\Users\n7176546\eclipse-workspace\ExogenousData\tests\libs-external\lib-cobertura-2.1.1\jetty-util-6.1.14.jar;C:\Users\n7176546\eclipse-workspace\ExogenousData\tests\libs-external\lib-cobertura-2.1.1\junit-4.11.jar;C:\Users\n7176546\eclipse-workspace\ExogenousData\tests\libs-external\lib-cobertura-2.1.1\logback-classic-1.0.13.jar;C:\Users\n7176546\eclipse-workspace\ExogenousData\tests\libs-external\lib-cobertura-2.1.1\logback-core-1.0.13.jar;C:\Users\n7176546\eclipse-workspace\ExogenousData\tests\libs-external\lib-cobertura-2.1.1\oro-2.0.8.jar;C:\Users\n7176546\eclipse-workspace\ExogenousData\tests\libs-external\lib-cobertura-2.1.1\servlet-api-2.5-6.1.14.jar;C:\Users\n7176546\eclipse-workspace\ExogenousData\tests\libs-external\lib-cobertura-2.1.1\slf4j-api-1.7.5.jar;C:\Users\n7176546\eclipse-workspace\ExogenousData\tests\libs-external\junit-4.8.1.jar;C:\Users\n7176546\eclipse-workspace\ExogenousData\bindist;C:\Users\n7176546\eclipse-workspace\ExogenousData\ivy\AcceptingPetriNet-latest.jar;C:\Users\n7176546\eclipse-workspace\ExogenousData\ivy\AccessCPN-unknown.jar;C:\Users\n7176546\eclipse-workspace\ExogenousData\ivy\Animation-latest.jar;C:\Users\n7176546\eclipse-workspace\ExogenousData\ivy\ApacheUtils-latest.jar;C:\Users\n7176546\eclipse-workspace\ExogenousData\ivy\BPMN-latest.jar;C:\Users\n7176546\eclipse-workspace\ExogenousData\ivy\BasicUtils-latest.jar;C:\Users\n7176546\eclipse-workspace\ExogenousData\ivy\CNet-latest.jar;C:\Users\n7176546\eclipse-workspace\ExogenousData\ivy\CNetReplayer-latest.jar;C:\Users\n7176546\eclipse-workspace\ExogenousData\ivy\CPNet-latest.jar;C:\Users\n7176546\eclipse-workspace\ExogenousData\ivy\CausalActivityGraph-latest.jar;C:\Users\n7176546\eclipse-workspace\ExogenousData\ivy\CausalActivityMatrix-latest.jar;C:\Users\n7176546\eclipse-workspace\ExogenousData\ivy\DataAwareExplorer-latest.jar;C:\Users\n7176546\eclipse-workspace\ExogenousData\ivy\DataAwareReplayer-latest.jar;C:\Users\n7176546\eclipse-workspace\ExogenousData\ivy\DataAwareReplayerLGPL-latest.jar;C:\Users\n7176546\eclipse-workspace\ExogenousData\ivy\DataDiscovery-latest.jar;C:\Users\n7176546\eclipse-workspace\ExogenousData\ivy\DataExpression-latest.jar;C:\Users\n7176546\eclipse-workspace\ExogenousData\ivy\DataPetriNets-latest.jar;C:\Users\n7176546\eclipse-workspace\ExogenousData\ivy\DataPetriNetsLGPL-latest.jar;C:\Users\n7176546\eclipse-workspace\ExogenousData\ivy\EMF-latest.jar;C:\Users\n7176546\eclipse-workspace\ExogenousData\ivy\EPC-latest.jar;C:\Users\n7176546\eclipse-workspace\ExogenousData\ivy\EfficientStorage-latest.jar;C:\Users\n7176546\eclipse-workspace\ExogenousData\ivy\FilterableSortableTablePanel-latest.jar;C:\Users\n7176546\eclipse-workspace\ExogenousData\ivy\Flex-latest.jar;C:\Users\n7176546\eclipse-workspace\ExogenousData\ivy\GraphViz-latest.jar;C:\Users\n7176546\eclipse-workspace\ExogenousData\ivy\HeuristicsMiner-latest.jar;C:\Users\n7176546\eclipse-workspace\ExogenousData\ivy\InductiveMiner-latest.jar;C:\Users\n7176546\eclipse-workspace\ExogenousData\ivy\InductiveMinerDeprecated-latest.jar;C:\Users\n7176546\eclipse-workspace\ExogenousData\ivy\InteractiveVisualization-latest.jar;C:\Users\n7176546\eclipse-workspace\ExogenousData\ivy\JAXB-latest.jar;C:\Users\n7176546\eclipse-workspace\ExogenousData\ivy\KeyValue-latest.jar;C:\Users\n7176546\eclipse-workspace\ExogenousData\ivy\KitFox-latest.jar;C:\Users\n7176546\eclipse-workspace\ExogenousData\ivy\LPEngine-latest.jar;C:\Users\n7176546\eclipse-workspace\ExogenousData\ivy\Log-latest.jar;C:\Users\n7176546\eclipse-workspace\ExogenousData\ivy\LogAbstractions-latest.jar;C:\Users\n7176546\eclipse-workspace\ExogenousData\ivy\LogDialog-latest.jar;C:\Users\n7176546\eclipse-workspace\ExogenousData\ivy\LogEnhancement-latest.jar;C:\Users\n7176546\eclipse-workspace\ExogenousData\ivy\LpSolve-latest.jar;C:\Users\n7176546\eclipse-workspace\ExogenousData\ivy\Murata-latest.jar;C:\Users\n7176546\eclipse-workspace\ExogenousData\ivy\OSService-latest.jar;C:\Users\n7176546\eclipse-workspace\ExogenousData\ivy\OpenXES-20211004.jar;C:\Users\n7176546\eclipse-workspace\ExogenousData\ivy\PNetReplayer-latest.jar;C:\Users\n7176546\eclipse-workspace\ExogenousData\ivy\PTConversions-latest.jar;C:\Users\n7176546\eclipse-workspace\ExogenousData\ivy\Performance-latest.jar;C:\Users\n7176546\eclipse-workspace\ExogenousData\ivy\PetriNets-latest.jar;C:\Users\n7176546\eclipse-workspace\ExogenousData\ivy\ProM-Contexts-latest.jar;C:\Users\n7176546\eclipse-workspace\ExogenousData\ivy\ProM-Framework-latest.jar;C:\Users\n7176546\eclipse-workspace\ExogenousData\ivy\ProM-Models-latest.jar;C:\Users\n7176546\eclipse-workspace\ExogenousData\ivy\ProM-Plugins-latest.jar;C:\Users\n7176546\eclipse-workspace\ExogenousData\ivy\ProcessTree-latest.jar;C:\Users\n7176546\eclipse-workspace\ExogenousData\ivy\Properties-latest.jar;C:\Users\n7176546\eclipse-workspace\ExogenousData\ivy\Sat4j-latest.jar;C:\Users\n7176546\eclipse-workspace\ExogenousData\ivy\Saxon-latest.jar;C:\Users\n7176546\eclipse-workspace\ExogenousData\ivy\Spex-1.1.jar;C:\Users\n7176546\eclipse-workspace\ExogenousData\ivy\TableLayout-20050920.jar;C:\Users\n7176546\eclipse-workspace\ExogenousData\ivy\TransitionSystems-latest.jar;C:\Users\n7176546\eclipse-workspace\ExogenousData\ivy\UITopiaResources-0.6-20190913.jar;C:\Users\n7176546\eclipse-workspace\ExogenousData\ivy\Uitopia-0.6-20190913.jar;C:\Users\n7176546\eclipse-workspace\ExogenousData\ivy\Weka-latest.jar;C:\Users\n7176546\eclipse-workspace\ExogenousData\ivy\Widgets-latest.jar;C:\Users\n7176546\eclipse-workspace\ExogenousData\ivy\XESAlignmentExtension-latest.jar;C:\Users\n7176546\eclipse-workspace\ExogenousData\ivy\XESLite-latest.jar;C:\Users\n7176546\eclipse-workspace\ExogenousData\ivy\YAWL-latest.jar;C:\Users\n7176546\eclipse-workspace\ExogenousData\ivy\YAWLEditor-2.3.5.wo.jgraph.jar;C:\Users\n7176546\eclipse-workspace\ExogenousData\ivy\ant-1.9.4.jar;C:\Users\n7176546\eclipse-workspace\ExogenousData\ivy\antlr4-runtime-4.5.jar;C:\Users\n7176546\eclipse-workspace\ExogenousData\ivy\arpack_combined_all-0.1.jar;C:\Users\n7176546\eclipse-workspace\ExogenousData\ivy\asm-5.0.3.jar;C:\Users\n7176546\eclipse-workspace\ExogenousData\ivy\autocomplete-2.5.8.jar;C:\Users\n7176546\eclipse-workspace\ExogenousData\ivy\axis-1.4.jar;C:\Users\n7176546\eclipse-workspace\ExogenousData\ivy\batik-anim-1.9.1.jar;C:\Users\n7176546\eclipse-workspace\ExogenousData\ivy\batik-awt-util-1.9.1.jar;C:\Users\n7176546\eclipse-workspace\ExogenousData\ivy\batik-bridge-1.9.1.jar;C:\Users\n7176546\eclipse-workspace\ExogenousData\ivy\batik-codec-1.9.1.jar;C:\Users\n7176546\eclipse-workspace\ExogenousData\ivy\batik-css-1.9.1.jar;C:\Users\n7176546\eclipse-workspace\ExogenousData\ivy\batik-dom-1.9.1.jar;C:\Users\n7176546\eclipse-workspace\ExogenousData\ivy\batik-ext-1.9.1.jar;C:\Users\n7176546\eclipse-workspace\ExogenousData\ivy\batik-extension-1.9.1.jar;C:\Users\n7176546\eclipse-workspace\ExogenousData\ivy\batik-gui-util-1.9.1.jar;C:\Users\n7176546\eclipse-workspace\ExogenousData\ivy\batik-gvt-1.9.1.jar;C:\Users\n7176546\eclipse-workspace\ExogenousData\ivy\batik-parser-1.9.1.jar;C:\Users\n7176546\eclipse-workspace\ExogenousData\ivy\batik-rasterizer-1.9.1.jar;C:\Users\n7176546\eclipse-workspace\ExogenousData\ivy\batik-script-1.9.1.jar;C:\Users\n7176546\eclipse-workspace\ExogenousData\ivy\batik-svg-dom-1.9.1.jar;C:\Users\n7176546\eclipse-workspace\ExogenousData\ivy\batik-svggen-1.9.1.jar;C:\Users\n7176546\eclipse-workspace\ExogenousData\ivy\batik-swing-1.9.1.jar;C:\Users\n7176546\eclipse-workspace\ExogenousData\ivy\batik-transcoder-1.9.1.jar;C:\Users\n7176546\eclipse-workspace\ExogenousData\ivy\batik-util-1.9.1.jar;C:\Users\n7176546\eclipse-workspace\ExogenousData\ivy\batik-xml-1.9.1.jar;C:\Users\n7176546\eclipse-workspace\ExogenousData\ivy\bounce-0.18.jar;C:\Users\n7176546\eclipse-workspace\ExogenousData\ivy\bsh-2.0b4.jar;C:\Users\n7176546\eclipse-workspace\ExogenousData\ivy\collections-generic-4.01.jar;C:\Users\n7176546\eclipse-workspace\ExogenousData\ivy\colt-1.2.0.jar;C:\Users\n7176546\eclipse-workspace\ExogenousData\ivy\commons-beanutils-1.9.4.jar;C:\Users\n7176546\eclipse-workspace\ExogenousData\ivy\commons-cli-1.3.1.jar;C:\Users\n7176546\eclipse-workspace\ExogenousData\ivy\commons-collections-3.2.2.jar;C:\Users\n7176546\eclipse-workspace\ExogenousData\ivy\commons-collections4-4.4.jar;C:\Users\n7176546\eclipse-workspace\ExogenousData\ivy\commons-compress-1.13.jar;C:\Users\n7176546\eclipse-workspace\ExogenousData\ivy\commons-digester-2.1.jar;C:\Users\n7176546\eclipse-workspace\ExogenousData\ivy\commons-io-2.4.jar;C:\Users\n7176546\eclipse-workspace\ExogenousData\ivy\commons-lang3-3.12.0.jar;C:\Users\n7176546\eclipse-workspace\ExogenousData\ivy\commons-logging-1.2.jar;C:\Users\n7176546\eclipse-workspace\ExogenousData\ivy\commons-math3-3.6.1.jar;C:\Users\n7176546\eclipse-workspace\ExogenousData\ivy\commons-text-1.9.jar;C:\Users\n7176546\eclipse-workspace\ExogenousData\ivy\compress-lzf-1.0.3.jar;C:\Users\n7176546\eclipse-workspace\ExogenousData\ivy\concurrent-trees-2.6.0.jar;C:\Users\n7176546\eclipse-workspace\ExogenousData\ivy\core-1.1.2.jar;C:\Users\n7176546\eclipse-workspace\ExogenousData\ivy\cqengine-2.7.1.jar;C:\Users\n7176546\eclipse-workspace\ExogenousData\ivy\dictomaton-1.2.1.jar;C:\Users\n7176546\eclipse-workspace\ExogenousData\ivy\exp4j-0.3.8.jar;C:\Users\n7176546\eclipse-workspace\ExogenousData\ivy\fastutil-7.1.0.jar;C:\Users\n7176546\eclipse-workspace\ExogenousData\ivy\flanagan-0.9alpha.jar;C:\Users\n7176546\eclipse-workspace\ExogenousData\ivy\flatlaf-2.0.jar;C:\Users\n7176546\eclipse-workspace\ExogenousData\ivy\fop-2.2.jar;C:\Users\n7176546\eclipse-workspace\ExogenousData\ivy\freehep-graphics2d-2.4.jar;C:\Users\n7176546\eclipse-workspace\ExogenousData\ivy\freehep-graphicsbase-2.4.jar;C:\Users\n7176546\eclipse-workspace\ExogenousData\ivy\freehep-graphicsio-2.4.jar;C:\Users\n7176546\eclipse-workspace\ExogenousData\ivy\freehep-graphicsio-emf-2.4.jar;C:\Users\n7176546\eclipse-workspace\ExogenousData\ivy\freehep-graphicsio-java-2.4.jar;C:\Users\n7176546\eclipse-workspace\ExogenousData\ivy\freehep-graphicsio-pdf-2.4.jar;C:\Users\n7176546\eclipse-workspace\ExogenousData\ivy\freehep-graphicsio-ps-2.4.jar;C:\Users\n7176546\eclipse-workspace\ExogenousData\ivy\freehep-graphicsio-svg-2.4.jar;C:\Users\n7176546\eclipse-workspace\ExogenousData\ivy\freehep-graphicsio-swf-2.4.jar;C:\Users\n7176546\eclipse-workspace\ExogenousData\ivy\freehep-graphicsio-tests-2.4.jar;C:\Users\n7176546\eclipse-workspace\ExogenousData\ivy\freehep-io-2.2.2.jar;C:\Users\n7176546\eclipse-workspace\ExogenousData\ivy\gson-2.3.1.jar;C:\Users\n7176546\eclipse-workspace\ExogenousData\ivy\guava-16.0.1.jar;C:\Users\n7176546\eclipse-workspace\ExogenousData\ivy\gurobi-6.5.jar;C:\Users\n7176546\eclipse-workspace\ExogenousData\ivy\high-scale-lib-1.1.4.jar;C:\Users\n7176546\eclipse-workspace\ExogenousData\ivy\istack-commons-runtime-3.0.12.jar;C:\Users\n7176546\eclipse-workspace\ExogenousData\ivy\itextpdf-5.5.11.jar;C:\Users\n7176546\eclipse-workspace\ExogenousData\ivy\jackson-annotations-2.8.0.jar;C:\Users\n7176546\eclipse-workspace\ExogenousData\ivy\jackson-core-2.8.1.jar;C:\Users\n7176546\eclipse-workspace\ExogenousData\ivy\jackson-databind-2.8.1.jar;C:\Users\n7176546\eclipse-workspace\ExogenousData\ivy\jakarta.activation-1.2.2.jar;C:\Users\n7176546\eclipse-workspace\ExogenousData\ivy\jakarta.activation-api-1.2.2.jar;C:\Users\n7176546\eclipse-workspace\ExogenousData\ivy\jakarta.xml.bind-api-2.3.3.jar;C:\Users\n7176546\eclipse-workspace\ExogenousData\ivy\jama-1.0.3.jar;C:\Users\n7176546\eclipse-workspace\ExogenousData\ivy\japura-1.12.3.jar;C:\Users\n7176546\eclipse-workspace\ExogenousData\ivy\jargs-latest.jar;C:\Users\n7176546\eclipse-workspace\ExogenousData\ivy\jas-plotter-2.2.jar;C:\Users\n7176546\eclipse-workspace\ExogenousData\ivy\java-cup-11b-2015.03.26.jar;C:\Users\n7176546\eclipse-workspace\ExogenousData\ivy\java-cup-11b-20160615.jar;C:\Users\n7176546\eclipse-workspace\ExogenousData\ivy\java-cup-11b-runtime-2015.03.26.jar;C:\Users\n7176546\eclipse-workspace\ExogenousData\ivy\java-cup-runtime-11b-20160615.jar;C:\Users\n7176546\eclipse-workspace\ExogenousData\ivy\java-merge-sort-1.0.0.jar;C:\Users\n7176546\eclipse-workspace\ExogenousData\ivy\java-sizeof-0.0.5.jar;C:\Users\n7176546\eclipse-workspace\ExogenousData\ivy\javabdd-1.0b2.jar;C:\Users\n7176546\eclipse-workspace\ExogenousData\ivy\javacsv-2.1.jar;C:\Users\n7176546\eclipse-workspace\ExogenousData\ivy\javailp-1.2a.jar;C:\Users\n7176546\eclipse-workspace\ExogenousData\ivy\javassist-3.18.2-GA.jar;C:\Users\n7176546\eclipse-workspace\ExogenousData\ivy\javax.activation-api-1.2.0.jar;C:\Users\n7176546\eclipse-workspace\ExogenousData\ivy\jaxb-api-2.4.0-b180830.0359.jar;C:\Users\n7176546\eclipse-workspace\ExogenousData\ivy\jaxb-runtime-2.3.5.jar;C:\Users\n7176546\eclipse-workspace\ExogenousData\ivy\jbpt-0.2.429.1.jar;C:\Users\n7176546\eclipse-workspace\ExogenousData\ivy\jcalendar-1.4.jar;C:\Users\n7176546\eclipse-workspace\ExogenousData\ivy\jclipboardhelper-0.1.0.jar;C:\Users\n7176546\eclipse-workspace\ExogenousData\ivy\jcommon-1.0.24.jar;C:\Users\n7176546\eclipse-workspace\ExogenousData\ivy\jdom-legacy-1.1.3.jar;C:\Users\n7176546\eclipse-workspace\ExogenousData\ivy\jep-2.4.2.jar;C:\Users\n7176546\eclipse-workspace\ExogenousData\ivy\jfilechooser-bookmarks-0.1.6.jar;C:\Users\n7176546\eclipse-workspace\ExogenousData\ivy\jfreechart-1.5.3.jar;C:\Users\n7176546\eclipse-workspace\ExogenousData\ivy\jgraph-5.13.0.4.jar;C:\Users\n7176546\eclipse-workspace\ExogenousData\ivy\jgrapht-jdk1.6.jar;C:\Users\n7176546\eclipse-workspace\ExogenousData\ivy\jlfgr-1_0.jar;C:\Users\n7176546\eclipse-workspace\ExogenousData\ivy\jmathplot-unknown.jar;C:\Users\n7176546\eclipse-workspace\ExogenousData\ivy\jniloader-1.1.jar;C:\Users\n7176546\eclipse-workspace\ExogenousData\ivy\joda-time-2.9.4.jar;C:\Users\n7176546\eclipse-workspace\ExogenousData\ivy\jung-algorithms-2.0.jar;C:\Users\n7176546\eclipse-workspace\ExogenousData\ivy\jung-api-2.0.jar;C:\Users\n7176546\eclipse-workspace\ExogenousData\ivy\jung-graph-impl-2.0.jar;C:\Users\n7176546\eclipse-workspace\ExogenousData\ivy\jung-io-2.0.jar;C:\Users\n7176546\eclipse-workspace\ExogenousData\ivy\jung-visualization-2.0.jar;C:\Users\n7176546\eclipse-workspace\ExogenousData\ivy\junit-4.12.jar;C:\Users\n7176546\eclipse-workspace\ExogenousData\ivy\juniversalchardet-1.0.3.jar;C:\Users\n7176546\eclipse-workspace\ExogenousData\ivy\jython-standalone-2.7.0.jar;C:\Users\n7176546\eclipse-workspace\ExogenousData\ivy\kryo-3.0.3.jar;C:\Users\n7176546\eclipse-workspace\ExogenousData\ivy\kryo-serializers-0.37.jar;C:\Users\n7176546\eclipse-workspace\ExogenousData\ivy\lombok-1.18.20.jar;C:\Users\n7176546\eclipse-workspace\ExogenousData\ivy\lz4-1.3.jar;C:\Users\n7176546\eclipse-workspace\ExogenousData\ivy\mapdb-2.0-beta13.jar;C:\Users\n7176546\eclipse-workspace\ExogenousData\ivy\minlog-1.3.0.jar;C:\Users\n7176546\eclipse-workspace\ExogenousData\ivy\mtj-1.0.4.jar;C:\Users\n7176546\eclipse-workspace\ExogenousData\ivy\native_ref-java-1.1.jar;C:\Users\n7176546\eclipse-workspace\ExogenousData\ivy\native_system-java-1.1.jar;C:\Users\n7176546\eclipse-workspace\ExogenousData\ivy\netlib-java-1.1.jar;C:\Users\n7176546\eclipse-workspace\ExogenousData\ivy\netlib-native_ref-linux-armhf-1.1-natives.jar;C:\Users\n7176546\eclipse-workspace\ExogenousData\ivy\netlib-native_ref-linux-i686-1.1-natives.jar;C:\Users\n7176546\eclipse-workspace\ExogenousData\ivy\netlib-native_ref-linux-x86_64-1.1-natives.jar;C:\Users\n7176546\eclipse-workspace\ExogenousData\ivy\netlib-native_ref-osx-x86_64-1.1-natives.jar;C:\Users\n7176546\eclipse-workspace\ExogenousData\ivy\netlib-native_ref-win-i686-1.1-natives.jar;C:\Users\n7176546\eclipse-workspace\ExogenousData\ivy\netlib-native_ref-win-x86_64-1.1-natives.jar;C:\Users\n7176546\eclipse-workspace\ExogenousData\ivy\netlib-native_system-linux-armhf-1.1-natives.jar;C:\Users\n7176546\eclipse-workspace\ExogenousData\ivy\netlib-native_system-linux-i686-1.1-natives.jar;C:\Users\n7176546\eclipse-workspace\ExogenousData\ivy\netlib-native_system-linux-x86_64-1.1-natives.jar;C:\Users\n7176546\eclipse-workspace\ExogenousData\ivy\netlib-native_system-osx-x86_64-1.1-natives.jar;C:\Users\n7176546\eclipse-workspace\ExogenousData\ivy\netlib-native_system-win-i686-1.1-natives.jar;C:\Users\n7176546\eclipse-workspace\ExogenousData\ivy\netlib-native_system-win-x86_64-1.1-natives.jar;C:\Users\n7176546\eclipse-workspace\ExogenousData\ivy\objenesis-2.1.jar;C:\Users\n7176546\eclipse-workspace\ExogenousData\ivy\opencsv-2.4-patched.jar;C:\Users\n7176546\eclipse-workspace\ExogenousData\ivy\opencsv-5.5.2.jar;C:\Users\n7176546\eclipse-workspace\ExogenousData\ivy\openide-lookup-1.9-patched-1.0.jar;C:\Users\n7176546\eclipse-workspace\ExogenousData\ivy\optics_dbScan-1.0.4.jar;C:\Users\n7176546\eclipse-workspace\ExogenousData\ivy\org.eclipse.emf.common-2.7.0.jar;C:\Users\n7176546\eclipse-workspace\ExogenousData\ivy\org.eclipse.emf.ecore-2.8.3.v20130125-0546.jar;C:\Users\n7176546\eclipse-workspace\ExogenousData\ivy\org.eclipse.emf.ecore.xmi-2.5.0.v20100521-1846.jar;C:\Users\n7176546\eclipse-workspace\ExogenousData\ivy\org.eclipse.uml2.common-1.5.0.v201005031530.jar;C:\Users\n7176546\eclipse-workspace\ExogenousData\ivy\org.eclipse.uml2.uml-3.1.2.v201010261927.jar;C:\Users\n7176546\eclipse-workspace\ExogenousData\ivy\org.mozilla.javascript-1.7.2.jar;C:\Users\n7176546\eclipse-workspace\ExogenousData\ivy\prefuse-core-1.0.0.jar;C:\Users\n7176546\eclipse-workspace\ExogenousData\ivy\protobuf-java-2.6.1.jar;C:\Users\n7176546\eclipse-workspace\ExogenousData\ivy\reflectasm-1.10.1.jar;C:\Users\n7176546\eclipse-workspace\ExogenousData\ivy\reflections-0.9.10.jar;C:\Users\n7176546\eclipse-workspace\ExogenousData\ivy\rhino-1.7.7.jar;C:\Users\n7176546\eclipse-workspace\ExogenousData\ivy\rsyntaxtextarea-2.5.8.jar;C:\Users\n7176546\eclipse-workspace\ExogenousData\ivy\saxon-9he.jar;C:\Users\n7176546\eclipse-workspace\ExogenousData\ivy\simmetrics-latest.jar;C:\Users\n7176546\eclipse-workspace\ExogenousData\ivy\simpleEducationalLearningSchemes-1.0.2.jar;C:\Users\n7176546\eclipse-workspace\ExogenousData\ivy\slickerbox-1.0rc1.jar;C:\Users\n7176546\eclipse-workspace\ExogenousData\ivy\sqlite-jdbc-3.15.1.jar;C:\Users\n7176546\eclipse-workspace\ExogenousData\ivy\trove4j-3.0.3.jar;C:\Users\n7176546\eclipse-workspace\ExogenousData\ivy\txw2-2.3.5.jar;C:\Users\n7176546\eclipse-workspace\ExogenousData\ivy\ujmp-complete-0.2.5.jar;C:\Users\n7176546\eclipse-workspace\ExogenousData\ivy\uncommons-maths-1.2.3.jar;C:\Users\n7176546\eclipse-workspace\ExogenousData\ivy\univocity-parsers-2.2.2.jar;C:\Users\n7176546\eclipse-workspace\ExogenousData\ivy\weka-stable-3.8.0.jar;C:\Users\n7176546\eclipse-workspace\ExogenousData\ivy\xpp3-1.1.4c.jar;C:\Users\n7176546\eclipse-workspace\ExogenousData\ivy\xstream-1.4.9.jar;C:\Users\n7176546\eclipse-workspace\ExogenousData\tests\bin-test;C:\Users\n7176546\java\apache-ant-1.10.14-bin\apache-ant-1.10.14\lib\junit-4.13.2.jar;C:\Users\n7176546\java\apache-ant-1.10.14-bin\apache-ant-1.10.14\lib\ant-launcher.jar;C:\Users\n7176546\java\apache-ant-1.10.14-bin\apache-ant-1.10.14\lib\ant.jar;C:\Users\n7176546\java\apache-ant-1.10.14-bin\apache-ant-1.10.14\lib\ant-junit.jar;C:\Users\n7176546\java\apache-ant-1.10.14-bin\apache-ant-1.10.14\lib\ant-junit4.jar" />
    <property name="ant.version" value="Apache Ant(TM) version 1.10.14 compiled on August 16 2023" />
    <property name="java.vm.specification.name" value="Java Virtual Machine Specification" />
    <property name="ant.file.type" value="file" />
    <property name="java.vm.specification.version" value="1.8" />
    <property name="sun.cpu.endian" value="little" />
    <property name="sun.os.patch.level" value="" />
    <property name="java.io.tmpdir" value="C:\Users\n7176546\AppData\Local\Temp\" />
    <property name="java.vendor.url.bug" value="https://bugzilla.redhat.com/enter_bug.cgi" />
    <property name="os.arch" value="amd64" />
    <property name="java.awt.graphicsenv" value="sun.awt.Win32GraphicsEnvironment" />
    <property name="java.ext.dirs" value="C:\Users\n7176546\java\java-1.8.0-openjdk_x86_64\jre\lib\ext;C:\WINDOWS\Sun\Java\lib\ext" />
    <property name="user.dir" value="C:\Users\n7176546\eclipse-workspace\ExogenousData" />
    <property name="test.testFileRoot" value="C:\Users\n7176546\eclipse-workspace\ExogenousData\tests\testfiles" />
    <property name="line.separator" value="&#xd;&#xa;" />
    <property name="java.vm.name" value="OpenJDK 64-Bit Server VM" />
    <property name="basedir" value="C:\Users\n7176546\eclipse-workspace\ExogenousData\tests" />
    <property name="dir.test-bin" value="C:\Users\n7176546\eclipse-workspace\ExogenousData\tests\bin-test" />
    <property name="ant.java.version" value="1.8" />
    <property name="ant.core.lib" value="C:\Users\n7176546\java\apache-ant-1.10.14-bin\apache-ant-1.10.14\lib\ant.jar" />
    <property name="file.encoding" value="Cp1252" />
    <property name="sun.stderr.encoding" value="cp850" />
    <property name="dir.test-src" value="C:\Users\n7176546\eclipse-workspace\ExogenousData\tests\src-test" />
    <property name="java.specification.version" value="1.8" />
    <property name="ant.project.invoked-targets" value="checkTests" />
  </properties>
  <testcase classname="org.processmining.qut.exogenousaware.data.graphs.followrelations.FollowGraphTest" name="testEventuallyFollows" time="0.013" />
  <testcase classname="org.processmining.qut.exogenousaware.data.graphs.followrelations.FollowGraphTest" name="testPairs" time="0.0" />
  <system-out><![CDATA[]]></system-out>
  <system-err><![CDATA[]]></system-err>
</testsuite>
