<?xml version="1.0" encoding="UTF-8" ?>
<testsuite errors="0" failures="0" hostname="Adam-PC" name="org.processmining.tests.qut.exogenousaware.ds.linear.BestFittingLineTest" skipped="0" tests="2" time="0.261" timestamp="2024-08-05T13:03:28">
  <properties>
    <property name="sun.desktop" value="windows" />
    <property name="ant.library.dir" value="F:\tools\apache-ant-1.10.14-bin\apache-ant-1.10.14\lib" />
    <property name="awt.toolkit" value="sun.awt.windows.WToolkit" />
    <property name="ant.file.type" value="file" />
    <property name="java.specification.version" value="11" />
    <property name="ant.project.name" value="ExogenousData.test" />
    <property name="sun.cpu.isalist" value="amd64" />
    <property name="bin" value="F:\Projects\prom-exogenous-data\ExogenousData\bindist" />
    <property name="sun.jnu.encoding" value="Cp1252" />
    <property name="java.class.path" value="F:\Projects\prom-exogenous-data\ExogenousData\tests\bin-test-instrument;F:\Projects\prom-exogenous-data\ExogenousData\tests\libs-external\cobertura-2.1.1.jar;F:\Projects\prom-exogenous-data\ExogenousData\tests\libs-external\lib-cobertura-2.1.1\asm-5.0.1.jar;F:\Projects\prom-exogenous-data\ExogenousData\tests\libs-external\lib-cobertura-2.1.1\asm-analysis-5.0.1.jar;F:\Projects\prom-exogenous-data\ExogenousData\tests\libs-external\lib-cobertura-2.1.1\asm-commons-5.0.1.jar;F:\Projects\prom-exogenous-data\ExogenousData\tests\libs-external\lib-cobertura-2.1.1\asm-tree-5.0.1.jar;F:\Projects\prom-exogenous-data\ExogenousData\tests\libs-external\lib-cobertura-2.1.1\asm-util-5.0.1.jar;F:\Projects\prom-exogenous-data\ExogenousData\tests\libs-external\lib-cobertura-2.1.1\commons-lang3-3.3.2.jar;F:\Projects\prom-exogenous-data\ExogenousData\tests\libs-external\lib-cobertura-2.1.1\hamcrest-core-1.3.jar;F:\Projects\prom-exogenous-data\ExogenousData\tests\libs-external\lib-cobertura-2.1.1\jaxen-1.1.4.jar;F:\Projects\prom-exogenous-data\ExogenousData\tests\libs-external\lib-cobertura-2.1.1\jetty-6.1.14.jar;F:\Projects\prom-exogenous-data\ExogenousData\tests\libs-external\lib-cobertura-2.1.1\jetty-util-6.1.14.jar;F:\Projects\prom-exogenous-data\ExogenousData\tests\libs-external\lib-cobertura-2.1.1\junit-4.11.jar;F:\Projects\prom-exogenous-data\ExogenousData\tests\libs-external\lib-cobertura-2.1.1\logback-classic-1.0.13.jar;F:\Projects\prom-exogenous-data\ExogenousData\tests\libs-external\lib-cobertura-2.1.1\logback-core-1.0.13.jar;F:\Projects\prom-exogenous-data\ExogenousData\tests\libs-external\lib-cobertura-2.1.1\oro-2.0.8.jar;F:\Projects\prom-exogenous-data\ExogenousData\tests\libs-external\lib-cobertura-2.1.1\servlet-api-2.5-6.1.14.jar;F:\Projects\prom-exogenous-data\ExogenousData\tests\libs-external\lib-cobertura-2.1.1\slf4j-api-1.7.5.jar;F:\Projects\prom-exogenous-data\ExogenousData\tests\libs-external\junit-4.8.1.jar;F:\Projects\prom-exogenous-data\ExogenousData\bindist;F:\Projects\prom-exogenous-data\ExogenousData\ivy\AcceptingPetriNet-latest.jar;F:\Projects\prom-exogenous-data\ExogenousData\ivy\AccessCPN-unknown.jar;F:\Projects\prom-exogenous-data\ExogenousData\ivy\Alignment-latest.jar;F:\Projects\prom-exogenous-data\ExogenousData\ivy\Animation-latest.jar;F:\Projects\prom-exogenous-data\ExogenousData\ivy\ApacheUtils-latest.jar;F:\Projects\prom-exogenous-data\ExogenousData\ivy\BPMN-latest.jar;F:\Projects\prom-exogenous-data\ExogenousData\ivy\BasicStochasticMiner-latest.jar;F:\Projects\prom-exogenous-data\ExogenousData\ivy\BasicUtils-latest.jar;F:\Projects\prom-exogenous-data\ExogenousData\ivy\CNet-latest.jar;F:\Projects\prom-exogenous-data\ExogenousData\ivy\CNetReplayer-latest.jar;F:\Projects\prom-exogenous-data\ExogenousData\ivy\CPNet-latest.jar;F:\Projects\prom-exogenous-data\ExogenousData\ivy\CohortAnalysis-latest.jar;F:\Projects\prom-exogenous-data\ExogenousData\ivy\DataAwareExplorer-latest.jar;F:\Projects\prom-exogenous-data\ExogenousData\ivy\DataAwareReplayer-latest.jar;F:\Projects\prom-exogenous-data\ExogenousData\ivy\DataAwareReplayerLGPL-latest.jar;F:\Projects\prom-exogenous-data\ExogenousData\ivy\DataDiscovery-latest.jar;F:\Projects\prom-exogenous-data\ExogenousData\ivy\DataExpression-latest.jar;F:\Projects\prom-exogenous-data\ExogenousData\ivy\DataPetriNets-latest.jar;F:\Projects\prom-exogenous-data\ExogenousData\ivy\DataPetriNetsLGPL-latest.jar;F:\Projects\prom-exogenous-data\ExogenousData\ivy\DirectlyFollowsModelMiner-latest.jar;F:\Projects\prom-exogenous-data\ExogenousData\ivy\EMF-latest.jar;F:\Projects\prom-exogenous-data\ExogenousData\ivy\EPC-latest.jar;F:\Projects\prom-exogenous-data\ExogenousData\ivy\EarthMoversStochasticConformanceChecking-latest.jar;F:\Projects\prom-exogenous-data\ExogenousData\ivy\EfficientStorage-latest.jar;F:\Projects\prom-exogenous-data\ExogenousData\ivy\EvolutionaryTreeMiner-latest.jar;F:\Projects\prom-exogenous-data\ExogenousData\ivy\FastDTW-unknown.jar;F:\Projects\prom-exogenous-data\ExogenousData\ivy\FilterableSortableTablePanel-latest.jar;F:\Projects\prom-exogenous-data\ExogenousData\ivy\GraphViz-latest.jar;F:\Projects\prom-exogenous-data\ExogenousData\ivy\GuideTreeMiner-latest.jar;F:\Projects\prom-exogenous-data\ExogenousData\ivy\ILPMiner-latest.jar;F:\Projects\prom-exogenous-data\ExogenousData\ivy\InductiveMiner-latest.jar;F:\Projects\prom-exogenous-data\ExogenousData\ivy\InductiveMinerDeprecated-latest.jar;F:\Projects\prom-exogenous-data\ExogenousData\ivy\InductiveVisualMiner-latest.jar;F:\Projects\prom-exogenous-data\ExogenousData\ivy\InteractiveVisualization-latest.jar;F:\Projects\prom-exogenous-data\ExogenousData\ivy\IntervalTree-unknown.jar;F:\Projects\prom-exogenous-data\ExogenousData\ivy\JAXB-latest.jar;F:\Projects\prom-exogenous-data\ExogenousData\ivy\JRI-unknown.jar;F:\Projects\prom-exogenous-data\ExogenousData\ivy\JRIEngine-unknown.jar;F:\Projects\prom-exogenous-data\ExogenousData\ivy\KitFox-latest.jar;F:\Projects\prom-exogenous-data\ExogenousData\ivy\LPEngine-latest.jar;F:\Projects\prom-exogenous-data\ExogenousData\ivy\LTL2Automaton-latest.jar;F:\Projects\prom-exogenous-data\ExogenousData\ivy\Log-latest.jar;F:\Projects\prom-exogenous-data\ExogenousData\ivy\LogAbstractions-latest.jar;F:\Projects\prom-exogenous-data\ExogenousData\ivy\LogDialog-latest.jar;F:\Projects\prom-exogenous-data\ExogenousData\ivy\LogEnhancement-latest.jar;F:\Projects\prom-exogenous-data\ExogenousData\ivy\LpSolve-latest.jar;F:\Projects\prom-exogenous-data\ExogenousData\ivy\ModelRepair-latest.jar;F:\Projects\prom-exogenous-data\ExogenousData\ivy\Monte-latest.jar;F:\Projects\prom-exogenous-data\ExogenousData\ivy\Murata-latest.jar;F:\Projects\prom-exogenous-data\ExogenousData\ivy\OSService-latest.jar;F:\Projects\prom-exogenous-data\ExogenousData\ivy\OpenXES-latest.jar;F:\Projects\prom-exogenous-data\ExogenousData\ivy\PNetAlignmentAnalysis-latest.jar;F:\Projects\prom-exogenous-data\ExogenousData\ivy\PNetReplayer-latest.jar;F:\Projects\prom-exogenous-data\ExogenousData\ivy\PTConversions-latest.jar;F:\Projects\prom-exogenous-data\ExogenousData\ivy\PTMerge-latest.jar;F:\Projects\prom-exogenous-data\ExogenousData\ivy\Performance-latest.jar;F:\Projects\prom-exogenous-data\ExogenousData\ivy\PetriNets-latest.jar;F:\Projects\prom-exogenous-data\ExogenousData\ivy\ProM-Contexts-latest.jar;F:\Projects\prom-exogenous-data\ExogenousData\ivy\ProM-Framework-latest.jar;F:\Projects\prom-exogenous-data\ExogenousData\ivy\ProM-Models-latest.jar;F:\Projects\prom-exogenous-data\ExogenousData\ivy\ProM-Plugins-latest.jar;F:\Projects\prom-exogenous-data\ExogenousData\ivy\ProcessTree-latest.jar;F:\Projects\prom-exogenous-data\ExogenousData\ivy\Properties-latest.jar;F:\Projects\prom-exogenous-data\ExogenousData\ivy\REngine-unknown.jar;F:\Projects\prom-exogenous-data\ExogenousData\ivy\RTED-1.0.jar;F:\Projects\prom-exogenous-data\ExogenousData\ivy\Sat4j-latest.jar;F:\Projects\prom-exogenous-data\ExogenousData\ivy\Saxon-latest.jar;F:\Projects\prom-exogenous-data\ExogenousData\ivy\SparseBitSet-1.0.jar;F:\Projects\prom-exogenous-data\ExogenousData\ivy\Spex-1.1.jar;F:\Projects\prom-exogenous-data\ExogenousData\ivy\StatisticalTests-latest.jar;F:\Projects\prom-exogenous-data\ExogenousData\ivy\StochasticLabelledDataPetriNet-latest.jar;F:\Projects\prom-exogenous-data\ExogenousData\ivy\StochasticLabelledPetriNets-latest.jar;F:\Projects\prom-exogenous-data\ExogenousData\ivy\StochasticPetriNets-latest.jar;F:\Projects\prom-exogenous-data\ExogenousData\ivy\TableLayout-20050920.jar;F:\Projects\prom-exogenous-data\ExogenousData\ivy\TraceAlignmentWithGuideTree-latest.jar;F:\Projects\prom-exogenous-data\ExogenousData\ivy\TransitionSystems-latest.jar;F:\Projects\prom-exogenous-data\ExogenousData\ivy\UITopiaResources-0.6-20190913.jar;F:\Projects\prom-exogenous-data\ExogenousData\ivy\Uitopia-0.6-20190913.jar;F:\Projects\prom-exogenous-data\ExogenousData\ivy\Uma-latest.jar;F:\Projects\prom-exogenous-data\ExogenousData\ivy\Visualisation3D-latest.jar;F:\Projects\prom-exogenous-data\ExogenousData\ivy\Weka-latest.jar;F:\Projects\prom-exogenous-data\ExogenousData\ivy\Widgets-latest.jar;F:\Projects\prom-exogenous-data\ExogenousData\ivy\XESAlignmentExtension-latest.jar;F:\Projects\prom-exogenous-data\ExogenousData\ivy\XESLite-latest.jar;F:\Projects\prom-exogenous-data\ExogenousData\ivy\YAWL-latest.jar;F:\Projects\prom-exogenous-data\ExogenousData\ivy\YAWLEditor-2.3.5.wo.jgraph.jar;F:\Projects\prom-exogenous-data\ExogenousData\ivy\ant-1.9.4.jar;F:\Projects\prom-exogenous-data\ExogenousData\ivy\antlr-2.7.7.jar;F:\Projects\prom-exogenous-data\ExogenousData\ivy\antlr-runtime-3.2.jar;F:\Projects\prom-exogenous-data\ExogenousData\ivy\antlr4-runtime-4.5.jar;F:\Projects\prom-exogenous-data\ExogenousData\ivy\approxlib-1.0.jar;F:\Projects\prom-exogenous-data\ExogenousData\ivy\arpack_combined_all-0.1.jar;F:\Projects\prom-exogenous-data\ExogenousData\ivy\asm-5.0.3.jar;F:\Projects\prom-exogenous-data\ExogenousData\ivy\autocomplete-2.5.8.jar;F:\Projects\prom-exogenous-data\ExogenousData\ivy\axis-1.4.jar;F:\Projects\prom-exogenous-data\ExogenousData\ivy\batik-anim-1.9.1.jar;F:\Projects\prom-exogenous-data\ExogenousData\ivy\batik-awt-util-1.9.1.jar;F:\Projects\prom-exogenous-data\ExogenousData\ivy\batik-bridge-1.9.1.jar;F:\Projects\prom-exogenous-data\ExogenousData\ivy\batik-codec-1.9.1.jar;F:\Projects\prom-exogenous-data\ExogenousData\ivy\batik-css-1.9.1.jar;F:\Projects\prom-exogenous-data\ExogenousData\ivy\batik-dom-1.9.1.jar;F:\Projects\prom-exogenous-data\ExogenousData\ivy\batik-ext-1.9.1.jar;F:\Projects\prom-exogenous-data\ExogenousData\ivy\batik-extension-1.9.1.jar;F:\Projects\prom-exogenous-data\ExogenousData\ivy\batik-gui-util-1.9.1.jar;F:\Projects\prom-exogenous-data\ExogenousData\ivy\batik-gvt-1.9.1.jar;F:\Projects\prom-exogenous-data\ExogenousData\ivy\batik-parser-1.9.1.jar;F:\Projects\prom-exogenous-data\ExogenousData\ivy\batik-rasterizer-1.9.1.jar;F:\Projects\prom-exogenous-data\ExogenousData\ivy\batik-script-1.9.1.jar;F:\Projects\prom-exogenous-data\ExogenousData\ivy\batik-svg-dom-1.9.1.jar;F:\Projects\prom-exogenous-data\ExogenousData\ivy\batik-svggen-1.9.1.jar;F:\Projects\prom-exogenous-data\ExogenousData\ivy\batik-swing-1.9.1.jar;F:\Projects\prom-exogenous-data\ExogenousData\ivy\batik-transcoder-1.9.1.jar;F:\Projects\prom-exogenous-data\ExogenousData\ivy\batik-util-1.9.1.jar;F:\Projects\prom-exogenous-data\ExogenousData\ivy\batik-xml-1.9.1.jar;F:\Projects\prom-exogenous-data\ExogenousData\ivy\bounce-0.18.jar;F:\Projects\prom-exogenous-data\ExogenousData\ivy\bsh-2.0b4.jar;F:\Projects\prom-exogenous-data\ExogenousData\ivy\collections-generic-4.01.jar;F:\Projects\prom-exogenous-data\ExogenousData\ivy\colt-1.2.0.jar;F:\Projects\prom-exogenous-data\ExogenousData\ivy\commons-beanutils-1.9.4.jar;F:\Projects\prom-exogenous-data\ExogenousData\ivy\commons-cli-1.3.1.jar;F:\Projects\prom-exogenous-data\ExogenousData\ivy\commons-collections-3.2.2.jar;F:\Projects\prom-exogenous-data\ExogenousData\ivy\commons-collections4-4.4.jar;F:\Projects\prom-exogenous-data\ExogenousData\ivy\commons-compress-1.13.jar;F:\Projects\prom-exogenous-data\ExogenousData\ivy\commons-digester-2.1.jar;F:\Projects\prom-exogenous-data\ExogenousData\ivy\commons-io-2.4.jar;F:\Projects\prom-exogenous-data\ExogenousData\ivy\commons-lang3-3.12.0.jar;F:\Projects\prom-exogenous-data\ExogenousData\ivy\commons-logging-1.2.jar;F:\Projects\prom-exogenous-data\ExogenousData\ivy\commons-math3-3.6.1.jar;F:\Projects\prom-exogenous-data\ExogenousData\ivy\commons-text-1.9.jar;F:\Projects\prom-exogenous-data\ExogenousData\ivy\compress-lzf-1.0.3.jar;F:\Projects\prom-exogenous-data\ExogenousData\ivy\concurrent-trees-2.6.0.jar;F:\Projects\prom-exogenous-data\ExogenousData\ivy\cqengine-2.7.1.jar;F:\Projects\prom-exogenous-data\ExogenousData\ivy\dictomaton-1.2.1.jar;F:\Projects\prom-exogenous-data\ExogenousData\ivy\exp4j-0.3.8.jar;F:\Projects\prom-exogenous-data\ExogenousData\ivy\fastutil-7.1.0.jar;F:\Projects\prom-exogenous-data\ExogenousData\ivy\flanagan-0.9alpha.jar;F:\Projects\prom-exogenous-data\ExogenousData\ivy\flatlaf-2.0.jar;F:\Projects\prom-exogenous-data\ExogenousData\ivy\fop-2.2.jar;F:\Projects\prom-exogenous-data\ExogenousData\ivy\freehep-graphics2d-2.4.jar;F:\Projects\prom-exogenous-data\ExogenousData\ivy\freehep-graphicsbase-2.4.jar;F:\Projects\prom-exogenous-data\ExogenousData\ivy\freehep-graphicsio-2.4.jar;F:\Projects\prom-exogenous-data\ExogenousData\ivy\freehep-graphicsio-emf-2.4.jar;F:\Projects\prom-exogenous-data\ExogenousData\ivy\freehep-graphicsio-java-2.4.jar;F:\Projects\prom-exogenous-data\ExogenousData\ivy\freehep-graphicsio-pdf-2.4.jar;F:\Projects\prom-exogenous-data\ExogenousData\ivy\freehep-graphicsio-ps-2.4.jar;F:\Projects\prom-exogenous-data\ExogenousData\ivy\freehep-graphicsio-svg-2.4.jar;F:\Projects\prom-exogenous-data\ExogenousData\ivy\freehep-graphicsio-swf-2.4.jar;F:\Projects\prom-exogenous-data\ExogenousData\ivy\freehep-graphicsio-tests-2.4.jar;F:\Projects\prom-exogenous-data\ExogenousData\ivy\freehep-io-2.2.2.jar;F:\Projects\prom-exogenous-data\ExogenousData\ivy\gluegen-2.3.2.jar;F:\Projects\prom-exogenous-data\ExogenousData\ivy\gluegen-rt-2.3.2-javadoc.jar;F:\Projects\prom-exogenous-data\ExogenousData\ivy\gluegen-rt-2.3.2-natives-android-armv6.jar;F:\Projects\prom-exogenous-data\ExogenousData\ivy\gluegen-rt-2.3.2-natives-linux-amd64.jar;F:\Projects\prom-exogenous-data\ExogenousData\ivy\gluegen-rt-2.3.2-natives-linux-armv6.jar;F:\Projects\prom-exogenous-data\ExogenousData\ivy\gluegen-rt-2.3.2-natives-linux-armv6hf.jar;F:\Projects\prom-exogenous-data\ExogenousData\ivy\gluegen-rt-2.3.2-natives-linux-i586.jar;F:\Projects\prom-exogenous-data\ExogenousData\ivy\gluegen-rt-2.3.2-natives-macosx-universal.jar;F:\Projects\prom-exogenous-data\ExogenousData\ivy\gluegen-rt-2.3.2-natives-solaris-amd64.jar;F:\Projects\prom-exogenous-data\ExogenousData\ivy\gluegen-rt-2.3.2-natives-solaris-i586.jar;F:\Projects\prom-exogenous-data\ExogenousData\ivy\gluegen-rt-2.3.2-natives-windows-amd64.jar;F:\Projects\prom-exogenous-data\ExogenousData\ivy\gluegen-rt-2.3.2-natives-windows-i586.jar;F:\Projects\prom-exogenous-data\ExogenousData\ivy\gluegen-rt-2.3.2-sources.jar;F:\Projects\prom-exogenous-data\ExogenousData\ivy\gluegen-rt-2.3.2.jar;F:\Projects\prom-exogenous-data\ExogenousData\ivy\gson-2.3.1.jar;F:\Projects\prom-exogenous-data\ExogenousData\ivy\guava-16.0.1.jar;F:\Projects\prom-exogenous-data\ExogenousData\ivy\gurobi-6.5.jar;F:\Projects\prom-exogenous-data\ExogenousData\ivy\hamcrest-all-1.3.jar;F:\Projects\prom-exogenous-data\ExogenousData\ivy\hamcrest-core-1.3.jar;F:\Projects\prom-exogenous-data\ExogenousData\ivy\high-scale-lib-1.1.4.jar;F:\Projects\prom-exogenous-data\ExogenousData\ivy\istack-commons-runtime-3.0.12.jar;F:\Projects\prom-exogenous-data\ExogenousData\ivy\itextpdf-5.5.11.jar;F:\Projects\prom-exogenous-data\ExogenousData\ivy\j2ssh-common-0.2.9.jar;F:\Projects\prom-exogenous-data\ExogenousData\ivy\j2ssh-core-0.2.9.jar;F:\Projects\prom-exogenous-data\ExogenousData\ivy\jackson-annotations-2.8.0.jar;F:\Projects\prom-exogenous-data\ExogenousData\ivy\jackson-core-2.8.1.jar;F:\Projects\prom-exogenous-data\ExogenousData\ivy\jackson-databind-2.8.1.jar;F:\Projects\prom-exogenous-data\ExogenousData\ivy\jakarta.activation-1.2.2.jar;F:\Projects\prom-exogenous-data\ExogenousData\ivy\jakarta.activation-api-1.2.2.jar;F:\Projects\prom-exogenous-data\ExogenousData\ivy\jakarta.xml.bind-api-2.3.3.jar;F:\Projects\prom-exogenous-data\ExogenousData\ivy\jama-1.0.3.jar;F:\Projects\prom-exogenous-data\ExogenousData\ivy\japura-1.12.3.jar;F:\Projects\prom-exogenous-data\ExogenousData\ivy\jargs-latest.jar;F:\Projects\prom-exogenous-data\ExogenousData\ivy\jas-plotter-2.2.jar;F:\Projects\prom-exogenous-data\ExogenousData\ivy\java-cup-11b-2015.03.26.jar;F:\Projects\prom-exogenous-data\ExogenousData\ivy\java-cup-11b-20160615.jar;F:\Projects\prom-exogenous-data\ExogenousData\ivy\java-cup-11b-runtime-2015.03.26.jar;F:\Projects\prom-exogenous-data\ExogenousData\ivy\java-cup-runtime-11b-20160615.jar;F:\Projects\prom-exogenous-data\ExogenousData\ivy\java-merge-sort-1.0.0.jar;F:\Projects\prom-exogenous-data\ExogenousData\ivy\java-sizeof-0.0.5.jar;F:\Projects\prom-exogenous-data\ExogenousData\ivy\javabdd-1.0b2.jar;F:\Projects\prom-exogenous-data\ExogenousData\ivy\javacsv-2.1.jar;F:\Projects\prom-exogenous-data\ExogenousData\ivy\javailp-1.2a.jar;F:\Projects\prom-exogenous-data\ExogenousData\ivy\javassist-3.18.2-GA.jar;F:\Projects\prom-exogenous-data\ExogenousData\ivy\javassist-unknown.jar;F:\Projects\prom-exogenous-data\ExogenousData\ivy\javax.activation-api-1.2.0.jar;F:\Projects\prom-exogenous-data\ExogenousData\ivy\javolution-5.2.3.jar;F:\Projects\prom-exogenous-data\ExogenousData\ivy\jaxb-api-2.4.0-b180830.0359.jar;F:\Projects\prom-exogenous-data\ExogenousData\ivy\jaxb-runtime-2.3.5.jar;F:\Projects\prom-exogenous-data\ExogenousData\ivy\jblas-1.2.4.jar;F:\Projects\prom-exogenous-data\ExogenousData\ivy\jbpt-0.2.429.1.jar;F:\Projects\prom-exogenous-data\ExogenousData\ivy\jcalendar-1.4.jar;F:\Projects\prom-exogenous-data\ExogenousData\ivy\jclipboardhelper-0.1.0.jar;F:\Projects\prom-exogenous-data\ExogenousData\ivy\jcommon-1.0.24.jar;F:\Projects\prom-exogenous-data\ExogenousData\ivy\jdom-legacy-1.1.3.jar;F:\Projects\prom-exogenous-data\ExogenousData\ivy\jep-2.4.2.jar;F:\Projects\prom-exogenous-data\ExogenousData\ivy\jetm-1.2.3.jar;F:\Projects\prom-exogenous-data\ExogenousData\ivy\jfilechooser-bookmarks-0.1.6.jar;F:\Projects\prom-exogenous-data\ExogenousData\ivy\jfreechart-1.5.3.jar;F:\Projects\prom-exogenous-data\ExogenousData\ivy\jfreesvg-3.4.3.jar;F:\Projects\prom-exogenous-data\ExogenousData\ivy\jgraph-5.13.0.4.jar;F:\Projects\prom-exogenous-data\ExogenousData\ivy\jgrapht-jdk1.6.jar;F:\Projects\prom-exogenous-data\ExogenousData\ivy\jlfgr-1_0.jar;F:\Projects\prom-exogenous-data\ExogenousData\ivy\jmathplot-unknown.jar;F:\Projects\prom-exogenous-data\ExogenousData\ivy\joda-time-2.9.4.jar;F:\Projects\prom-exogenous-data\ExogenousData\ivy\jogl-2.3.2.jar;F:\Projects\prom-exogenous-data\ExogenousData\ivy\jogl-all-2.3.2-javadoc.jar;F:\Projects\prom-exogenous-data\ExogenousData\ivy\jogl-all-2.3.2-natives-android-armv6.jar;F:\Projects\prom-exogenous-data\ExogenousData\ivy\jogl-all-2.3.2-natives-linux-amd64.jar;F:\Projects\prom-exogenous-data\ExogenousData\ivy\jogl-all-2.3.2-natives-linux-armv6.jar;F:\Projects\prom-exogenous-data\ExogenousData\ivy\jogl-all-2.3.2-natives-linux-armv6hf.jar;F:\Projects\prom-exogenous-data\ExogenousData\ivy\jogl-all-2.3.2-natives-linux-i586.jar;F:\Projects\prom-exogenous-data\ExogenousData\ivy\jogl-all-2.3.2-natives-macosx-universal.jar;F:\Projects\prom-exogenous-data\ExogenousData\ivy\jogl-all-2.3.2-natives-solaris-amd64.jar;F:\Projects\prom-exogenous-data\ExogenousData\ivy\jogl-all-2.3.2-natives-solaris-i586.jar;F:\Projects\prom-exogenous-data\ExogenousData\ivy\jogl-all-2.3.2-natives-windows-amd64.jar;F:\Projects\prom-exogenous-data\ExogenousData\ivy\jogl-all-2.3.2-natives-windows-i586.jar;F:\Projects\prom-exogenous-data\ExogenousData\ivy\jogl-all-2.3.2.jar;F:\Projects\prom-exogenous-data\ExogenousData\ivy\jogl-all-main-2.3.2-javadoc.jar;F:\Projects\prom-exogenous-data\ExogenousData\ivy\jogl-all-main-2.3.2-sources.jar;F:\Projects\prom-exogenous-data\ExogenousData\ivy\jogl-all-main-2.3.2.jar;F:\Projects\prom-exogenous-data\ExogenousData\ivy\jscience-4.3.1.jar;F:\Projects\prom-exogenous-data\ExogenousData\ivy\json-simple-1.1.1.jar;F:\Projects\prom-exogenous-data\ExogenousData\ivy\jung-algorithms-2.0.jar;F:\Projects\prom-exogenous-data\ExogenousData\ivy\jung-api-2.0.jar;F:\Projects\prom-exogenous-data\ExogenousData\ivy\jung-graph-impl-2.0.jar;F:\Projects\prom-exogenous-data\ExogenousData\ivy\jung-io-2.0.jar;F:\Projects\prom-exogenous-data\ExogenousData\ivy\jung-visualization-2.0.jar;F:\Projects\prom-exogenous-data\ExogenousData\ivy\junit-4.12.jar;F:\Projects\prom-exogenous-data\ExogenousData\ivy\juniversalchardet-1.0.3.jar;F:\Projects\prom-exogenous-data\ExogenousData\ivy\jxl-2.6.jar;F:\Projects\prom-exogenous-data\ExogenousData\ivy\jython-standalone-2.7.0.jar;F:\Projects\prom-exogenous-data\ExogenousData\ivy\kryo-3.0.3.jar;F:\Projects\prom-exogenous-data\ExogenousData\ivy\kryo-serializers-0.37.jar;F:\Projects\prom-exogenous-data\ExogenousData\ivy\lombok-1.18.20.jar;F:\Projects\prom-exogenous-data\ExogenousData\ivy\lz4-1.3.jar;F:\Projects\prom-exogenous-data\ExogenousData\ivy\mapdb-2.0-beta13.jar;F:\Projects\prom-exogenous-data\ExogenousData\ivy\minlog-1.3.0.jar;F:\Projects\prom-exogenous-data\ExogenousData\ivy\mtj-1.0.4.jar;F:\Projects\prom-exogenous-data\ExogenousData\ivy\nativewindow-2.3.2.jar;F:\Projects\prom-exogenous-data\ExogenousData\ivy\netlib-java-1.1.jar;F:\Projects\prom-exogenous-data\ExogenousData\ivy\objenesis-2.1.jar;F:\Projects\prom-exogenous-data\ExogenousData\ivy\opencsv-2.4-patched.jar;F:\Projects\prom-exogenous-data\ExogenousData\ivy\opencsv-5.5.2.jar;F:\Projects\prom-exogenous-data\ExogenousData\ivy\openide-lookup-1.9-patched-1.0.jar;F:\Projects\prom-exogenous-data\ExogenousData\ivy\oplall-6.3.jar;F:\Projects\prom-exogenous-data\ExogenousData\ivy\optics_dbScan-1.0.4.jar;F:\Projects\prom-exogenous-data\ExogenousData\ivy\org.eclipse.emf.common-2.7.0.jar;F:\Projects\prom-exogenous-data\ExogenousData\ivy\org.eclipse.emf.ecore-2.8.3.v20130125-0546.jar;F:\Projects\prom-exogenous-data\ExogenousData\ivy\org.eclipse.emf.ecore.xmi-2.5.0.v20100521-1846.jar;F:\Projects\prom-exogenous-data\ExogenousData\ivy\org.eclipse.uml2.common-1.5.0.v201005031530.jar;F:\Projects\prom-exogenous-data\ExogenousData\ivy\org.eclipse.uml2.uml-3.1.2.v201010261927.jar;F:\Projects\prom-exogenous-data\ExogenousData\ivy\org.mozilla.javascript-1.7.2.jar;F:\Projects\prom-exogenous-data\ExogenousData\ivy\pnapi-java-1.0.5.jar;F:\Projects\prom-exogenous-data\ExogenousData\ivy\prefuse-core-1.0.0.jar;F:\Projects\prom-exogenous-data\ExogenousData\ivy\protobuf-java-2.6.1.jar;F:\Projects\prom-exogenous-data\ExogenousData\ivy\reflectasm-1.10.1.jar;F:\Projects\prom-exogenous-data\ExogenousData\ivy\reflections-0.9.10.jar;F:\Projects\prom-exogenous-data\ExogenousData\ivy\rhino-1.7.7.jar;F:\Projects\prom-exogenous-data\ExogenousData\ivy\rsyntaxtextarea-2.5.8.jar;F:\Projects\prom-exogenous-data\ExogenousData\ivy\saxon-9he.jar;F:\Projects\prom-exogenous-data\ExogenousData\ivy\simmetrics-latest.jar;F:\Projects\prom-exogenous-data\ExogenousData\ivy\simple-xml-2.7.jar;F:\Projects\prom-exogenous-data\ExogenousData\ivy\simpleEducationalLearningSchemes-1.0.2.jar;F:\Projects\prom-exogenous-data\ExogenousData\ivy\slickerbox-1.0rc1.jar;F:\Projects\prom-exogenous-data\ExogenousData\ivy\sqlite-jdbc-3.15.1.jar;F:\Projects\prom-exogenous-data\ExogenousData\ivy\stringtemplate-3.2.jar;F:\Projects\prom-exogenous-data\ExogenousData\ivy\trove4j-3.0.3.jar;F:\Projects\prom-exogenous-data\ExogenousData\ivy\txw2-2.3.5.jar;F:\Projects\prom-exogenous-data\ExogenousData\ivy\ujmp-complete-0.2.5.jar;F:\Projects\prom-exogenous-data\ExogenousData\ivy\uma-1.3.2.jar;F:\Projects\prom-exogenous-data\ExogenousData\ivy\uncommons-maths-1.2.3.jar;F:\Projects\prom-exogenous-data\ExogenousData\ivy\univocity-parsers-2.2.2.jar;F:\Projects\prom-exogenous-data\ExogenousData\ivy\weka-stable-3.8.0.jar;F:\Projects\prom-exogenous-data\ExogenousData\ivy\xercesImpl-2.11.0.jar;F:\Projects\prom-exogenous-data\ExogenousData\ivy\xmlParserAPIs-2.6.2.jar;F:\Projects\prom-exogenous-data\ExogenousData\ivy\xpp3-1.1.4c.jar;F:\Projects\prom-exogenous-data\ExogenousData\ivy\xstream-1.4.9.jar;F:\Projects\prom-exogenous-data\ExogenousData\tests\bin-test;F:\tools\apache-ant-1.10.14-bin\apache-ant-1.10.14\lib\ant-launcher.jar;F:\tools\apache-ant-1.10.14-bin\apache-ant-1.10.14\lib\ant.jar;F:\tools\apache-ant-1.10.14-bin\apache-ant-1.10.14\lib\ant-junit.jar;F:\tools\apache-ant-1.10.14-bin\apache-ant-1.10.14\lib\ant-junit4.jar" />
    <property name="java.vm.vendor" value="Oracle Corporation" />
    <property name="sun.arch.data.model" value="64" />
    <property name="user.variant" value="" />
    <property name="java.vendor.url" value="https://openjdk.java.net/" />
    <property name="user.timezone" value="" />
    <property name="net.sourceforge.cobertura.datafile" value="F:\Projects\prom-exogenous-data\ExogenousData\tests\cobertura.ser" />
    <property name="os.name" value="Windows 10" />
    <property name="java.vm.specification.version" value="11" />
    <property name="test.basedir" value="F:\Projects\prom-exogenous-data\ExogenousData\tests" />
    <property name="sun.java.launcher" value="SUN_STANDARD" />
    <property name="user.country" value="AU" />
    <property name="dir.testfiles" value="F:\Projects\prom-exogenous-data\ExogenousData\tests\testfiles" />
    <property name="sun.boot.library.path" value="C:\Program Files\Java\jdk-11.0.7\bin" />
    <property name="sun.java.command" value="org.apache.tools.ant.taskdefs.optional.junit.JUnitTestRunner org.processmining.tests.qut.exogenousaware.ds.linear.BestFittingLineTest skipNonTests=false filtertrace=true haltOnError=false haltOnFailure=false showoutput=false outputtoformatters=true logfailedtests=true threadid=0 logtestlistenerevents=false formatter=org.apache.tools.ant.taskdefs.optional.junit.XMLJUnitResultFormatter,F:\Projects\prom-exogenous-data\ExogenousData\tests\TEST-org.processmining.tests.qut.exogenousaware.ds.linear.BestFittingLineTest.xml crashfile=F:\Projects\prom-exogenous-data\ExogenousData\tests\junitvmwatcher7533409070604579868.properties propsfile=F:\Projects\prom-exogenous-data\ExogenousData\tests\junit6338671282862393917.properties" />
    <property name="jdk.debug" value="release" />
    <property name="sun.cpu.endian" value="little" />
    <property name="user.home" value="C:\Users\adam" />
    <property name="user.language" value="en" />
    <property name="sun.stderr.encoding" value="cp437" />
    <property name="java.specification.vendor" value="Oracle Corporation" />
    <property name="ant.file.type.ExogenousData.test" value="file" />
    <property name="java.version.date" value="2020-04-14" />
    <property name="dir.test-src" value="F:\Projects\prom-exogenous-data\ExogenousData\tests\src-test" />
    <property name="java.home" value="C:\Program Files\Java\jdk-11.0.7" />
    <property name="basedir" value="F:\Projects\prom-exogenous-data\ExogenousData\tests" />
    <property name="file.separator" value="\" />
    <property name="java.vm.compressedOopsMode" value="32-bit" />
    <property name="sun.stdout.encoding" value="cp437" />
    <property name="line.separator" value="&#xd;&#xa;" />
    <property name="ant.java.version" value="11" />
    <property name="java.vm.specification.vendor" value="Oracle Corporation" />
    <property name="java.specification.name" value="Java Platform API Specification" />
    <property name="java.awt.graphicsenv" value="sun.awt.Win32GraphicsEnvironment" />
    <property name="user.script" value="" />
    <property name="sun.management.compiler" value="HotSpot 64-Bit Tiered Compilers" />
    <property name="dir.test-instrument" value="F:\Projects\prom-exogenous-data\ExogenousData\tests\bin-test-instrument" />
    <property name="dir.test-bin" value="F:\Projects\prom-exogenous-data\ExogenousData\tests\bin-test" />
    <property name="java.runtime.version" value="11.0.7+8-LTS" />
    <property name="user.name" value="adam" />
    <property name="ant.file" value="F:\Projects\prom-exogenous-data\ExogenousData\tests\build.xml" />
    <property name="path.separator" value=";" />
    <property name="cobertura.datafile" value="F:\Projects\prom-exogenous-data\ExogenousData\tests\cobertura.ser" />
    <property name="ant.file.ExogenousData.test" value="F:\Projects\prom-exogenous-data\ExogenousData\tests\build.xml" />
    <property name="os.version" value="10.0" />
    <property name="test.testFileRoot" value="F:\Projects\prom-exogenous-data\ExogenousData\tests\testfiles" />
    <property name="java.runtime.name" value="Java(TM) SE Runtime Environment" />
    <property name="file.encoding" value="Cp1252" />
    <property name="ant.project.invoked-targets" value="check" />
    <property name="dir.coveragereport.html" value="F:\Projects\prom-exogenous-data\ExogenousData\tests\cover-html" />
    <property name="java.vm.name" value="Java HotSpot(TM) 64-Bit Server VM" />
    <property name="java.vendor.version" value="18.9" />
    <property name="ant.core.lib" value="F:\tools\apache-ant-1.10.14-bin\apache-ant-1.10.14\lib\ant.jar" />
    <property name="java.vendor.url.bug" value="https://bugreport.java.com/bugreport/" />
    <property name="java.io.tmpdir" value="C:\Users\adam\AppData\Local\Temp\" />
    <property name="java.version" value="11.0.7" />
    <property name="src" value="F:\Projects\prom-exogenous-data\ExogenousData\src" />
    <property name="user.dir" value="F:\Projects\prom-exogenous-data\ExogenousData" />
    <property name="os.arch" value="amd64" />
    <property name="java.vm.specification.name" value="Java Virtual Machine Specification" />
    <property name="java.awt.printerjob" value="sun.awt.windows.WPrinterJob" />
    <property name="ant.home" value="F:\tools\apache-ant-1.10.14-bin\apache-ant-1.10.14\bin\.." />
    <property name="sun.os.patch.level" value="" />
    <property name="home" value="F:\Projects\prom-exogenous-data\ExogenousData" />
    <property name="ant.version" value="Apache Ant(TM) version 1.10.14 compiled on August 16 2023" />
    <property name="java.library.path" value=".//lib" />
    <property name="java.vendor" value="Oracle Corporation" />
    <property name="dir.coveragereport.xml" value="F:\Projects\prom-exogenous-data\ExogenousData\tests\cover-xml" />
    <property name="java.vm.info" value="mixed mode" />
    <property name="java.vm.version" value="11.0.7+8-LTS" />
    <property name="sun.io.unicode.encoding" value="UnicodeLittle" />
    <property name="java.class.version" value="55.0" />
    <property name="ant.project.default-target" value="check" />
  </properties>
  <testcase classname="org.processmining.tests.qut.exogenousaware.ds.linear.BestFittingLineTest" name="threePointtest" time="0.112" />
  <testcase classname="org.processmining.tests.qut.exogenousaware.ds.linear.BestFittingLineTest" name="twoPointtest" time="0.0" />
  <system-out><![CDATA[Slope found was :: 0.68
Intercept found was  :: 8.0
Slope found was :: 0.68
Intercept found was  :: 7.9999999999999964
]]></system-out>
  <system-err><![CDATA[]]></system-err>
</testsuite>
